      21       8       0
  1.448085744186e+01  1.464885745674e+01  1.481685749450e+01  1.498485707191e+01
  1.515285683674e+01  1.532085636899e+01  1.548885658897e+01  1.565685683534e+01
  1.582485707253e+01  1.599285737347e+01  1.616085853068e+01  1.632885645380e+01
  1.649685772074e+01  1.666485718940e+01  1.683285748571e+01  1.700085905289e+01
  1.716885679161e+01  1.733685782140e+01  1.750485673056e+01  1.767285674783e+01
  1.784085730103e+01
  9.817477042468e-02  2.945243112740e-01  4.908738521234e-01  6.872233929728e-01
  8.835729338221e-01  1.079922474671e+00  1.276272015521e+00  1.472621556370e+00
    1    1  1.93699e-05  1.91355e-05  9.16937e+04  1.00435e+05  3.12528e+02 -2.22778e+02  1.01325e+05
    1    2  5.89558e-05  5.73806e-05  9.97018e+04  1.00785e+05  2.33260e+02 -1.72614e+02  1.04287e+05
    1    3  1.00900e-04  9.75042e-05  1.00254e+05  1.01168e+05  1.73380e+03  4.40524e+01  1.03480e+05
    1    4  1.46060e-04  1.45033e-04  9.47125e+04  9.62988e+04  4.37853e+03  1.08619e+02  1.18340e+05
    1    5  1.93829e-04  1.94478e-04  9.57319e+04  9.58598e+04  5.75633e+03  1.11087e+02  1.32312e+05
    1    6  2.40973e-04  2.58648e-04  8.97095e+04  9.02094e+04  6.01766e+03  1.48905e+02  1.48685e+05
    1    7  2.80759e-04  3.19076e-04  8.60616e+04  8.68172e+04  6.08766e+03  1.91178e+02  1.52339e+05
    1    8  3.04129e-04  3.74305e-04  7.97160e+04  8.01337e+04  5.82580e+03  2.30412e+02  1.63830e+05
    2    1  1.01800e-05  1.03369e-05  5.18450e+04  4.81558e+04 -2.01073e+02 -1.21755e+02  4.66467e+04
    2    2  3.11778e-05  3.28071e-05  5.98293e+04  4.73545e+04 -3.90400e+02 -2.52738e+01  5.54428e+04
    2    3  5.40085e-05  5.80433e-05  6.32986e+04  5.20078e+04  4.76855e+02  1.04332e+01  6.28096e+04
    2    4  7.95074e-05  8.66839e-05  6.31870e+04  5.51686e+04  1.17161e+03  3.33025e+00  7.11383e+04
    2    5  1.07547e-04  1.16987e-04  6.46206e+04  5.82973e+04  7.27928e+02 -1.57255e+01  7.74334e+04
    2    6  1.36129e-04  1.54894e-04  6.10198e+04  5.68319e+04  5.18037e+02  1.50693e+01  8.92116e+04
    2    7  1.60774e-04  1.81997e-04  6.15052e+04  5.75316e+04  4.45965e+02  7.03963e+01  8.85624e+04
    2    8  1.75413e-04  2.03426e-04  5.80234e+04  5.58749e+04  6.02717e+02  1.05538e+02  9.77848e+04
    3    1  1.47202e-05  1.49414e-05  5.02988e+04  6.76823e+04 -2.00499e+02 -1.41430e+02  6.50694e+04
    3    2  4.50159e-05  4.51361e-05  5.87239e+04  6.76007e+04  2.03232e+02 -4.11301e+01  7.46259e+04
    3    3  7.78291e-05  8.17447e-05  6.55640e+04  6.78396e+04 -5.63270e+02 -2.76932e+01  7.81799e+04
    3    4  1.14527e-04  1.17114e-04  6.70928e+04  6.49394e+04  5.64458e+00  1.36709e+01  8.92121e+04
    3    5  1.55442e-04  1.60555e-04  6.39247e+04  6.32011e+04  1.63601e+02  2.69067e+00  9.01887e+04
    3    6  1.98333e-04  2.07019e-04  6.04025e+04  5.95040e+04 -1.23558e+02  1.97633e+01  9.44462e+04
    3    7  2.36626e-04  2.46937e-04  5.96590e+04  5.77124e+04  6.75629e+02  5.06142e+01  9.42342e+04
    3    8  2.60030e-04  2.80750e-04  5.65798e+04  5.46627e+04  1.94269e+02  4.19475e+01  1.04594e+05
    4    1  2.14982e-05  2.15224e-05  5.12952e+04  5.97054e+04 -1.15286e+02 -1.97035e+02  6.72719e+04
    4    2  6.55372e-05  6.91554e-05  6.41576e+04  6.74706e+04  3.95519e+02 -1.38725e+02  8.42368e+04
    4    3  1.12910e-04  1.21763e-04  6.71341e+04  6.59746e+04  2.53332e+02 -7.79440e+01  6.78747e+04
    4    4  1.66357e-04  1.75067e-04  6.30544e+04  6.07338e+04  6.68715e+01 -5.62437e+01  6.29751e+04
    4    5  2.28550e-04  2.48132e-04  5.76504e+04  5.49934e+04 -5.01896e+01 -8.62420e+00  6.82090e+04
    4    6  2.99420e-04  3.22956e-04  5.36514e+04  5.18957e+04  2.76635e+02 -5.39394e+00  7.09641e+04
    4    7  3.69837e-04  3.92045e-04  5.15551e+04  4.98013e+04  3.04057e+02 -5.17864e+00  7.39673e+04
    4    8  4.16983e-04  4.49472e-04  4.87491e+04  4.73682e+04  3.27702e+02 -2.30588e+01  8.26912e+04
    5    1  3.29683e-05  3.36075e-05  4.74057e+04  5.79034e+04 -2.54052e+02 -1.59689e+02  5.82618e+04
    5    2  9.91314e-05  1.05314e-04  5.88515e+04  5.56895e+04  2.62248e+01 -3.54115e+01  5.70173e+04
    5    3  1.66206e-04  1.80934e-04  5.58373e+04  5.51135e+04  4.53868e+01 -4.66054e+01  5.37129e+04
    5    4  2.35824e-04  2.55226e-04  5.64353e+04  5.41993e+04  8.20263e+01 -1.44002e+01  5.08178e+04
    5    5  3.12385e-04  3.39576e-04  5.29493e+04  5.19401e+04  4.37448e+01  3.63804e+01  5.71902e+04
    5    6  4.06939e-04  4.40276e-04  5.13077e+04  4.93796e+04  2.82475e+00  4.16777e+01  6.16637e+04
    5    7  5.31307e-04  5.59137e-04  4.73758e+04  4.57208e+04  2.39975e+02  4.58974e+01  7.05634e+04
    5    8  6.45468e-04  7.00417e-04  4.18071e+04  4.04612e+04  7.91547e+02  4.08698e+01  8.10953e+04
    6    1  4.73984e-05  4.81049e-05  4.28929e+04  5.37497e+04 -3.90105e+01 -1.07474e+02  4.74562e+04
    6    2  1.42413e-04  1.50223e-04  5.10016e+04  4.57092e+04 -5.39225e+01  1.18732e+01  4.04372e+04
    6    3  2.38054e-04  2.45530e-04  4.86621e+04  4.64662e+04 -9.64822e+01  1.21544e+01  4.51915e+04
    6    4  3.35063e-04  3.38348e-04  4.87931e+04  4.75943e+04  1.13805e+02  1.67844e+01  5.03229e+04
    6    5  4.36222e-04  4.77372e-04  4.69862e+04  4.57867e+04  7.38179e+01  4.50127e+01  5.87922e+04
    6    6  5.54229e-04  6.03014e-04  4.74950e+04  4.60405e+04  2.96999e-01  5.92632e+01  6.39536e+04
    6    7  7.48698e-04  8.08208e-04  4.30635e+04  4.14819e+04  4.43327e+02  6.61008e+01  7.28792e+04
    6    8  1.04400e-03  1.10237e-03  3.64065e+04  3.48393e+04  1.19406e+03  2.11359e+01  8.37617e+04
    7    1  6.54702e-05  6.21733e-05  3.94330e+04  4.29059e+04 -2.48379e+02 -4.97789e+01  4.09284e+04
    7    2  1.97273e-04  1.83514e-04  4.63338e+04  4.32240e+04  1.32896e+01 -1.12952e+01  4.25548e+04
    7    3  3.31167e-04  2.94858e-04  4.65424e+04  4.59431e+04  2.40246e+02 -1.00911e+01  4.39162e+04
    7    4  4.67575e-04  4.09089e-04  4.86928e+04  4.82247e+04 -4.23924e+01 -4.57854e+00  6.38421e+04
    7    5  6.09934e-04  6.20323e-04  4.70862e+04  4.64215e+04 -7.60143e+01  2.97834e+01  7.16718e+04
    7    6  7.81128e-04  8.22045e-04  4.87915e+04  4.65327e+04  4.50524e+01  4.03422e+01  7.06545e+04
    7    7  1.06768e-03  1.08661e-03  4.57679e+04  4.33427e+04  1.02971e+03  6.92772e+00  7.65874e+04
    7    8  1.65673e-03  1.44900e-03  3.87230e+04  3.68397e+04  2.23649e+03 -2.49162e+01  7.80067e+04
    8    1  9.37806e-05  8.13147e-05  4.24368e+04  4.61734e+04 -3.57153e+02 -1.99094e+01  4.52809e+04
    8    2  2.84512e-04  2.20371e-04  5.01795e+04  4.86605e+04 -3.13111e+01  8.54675e+00  4.86083e+04
    8    3  4.83895e-04  3.86577e-04  5.00960e+04  4.97434e+04  1.04100e+02 -4.67224e-01  6.68791e+04
    8    4  6.94864e-04  5.63402e-04  5.26505e+04  5.32997e+04 -1.05151e+02 -7.48421e+00  7.48058e+04
    8    5  9.17124e-04  8.85862e-04  4.85318e+04  4.77272e+04  1.14157e+02  3.14324e+01  7.30942e+04
    8    6  1.16508e-03  1.17453e-03  4.83946e+04  4.68918e+04 -9.92850e+01  3.55013e+01  6.94620e+04
    8    7  1.60779e-03  1.60837e-03  4.41951e+04  4.21902e+04  6.01860e+02 -2.21298e+01  7.46525e+04
    8    8  2.58015e-03  2.17269e-03  3.77970e+04  3.58062e+04  3.12146e+03 -4.05939e+01  7.76920e+04
    9    1  1.27563e-04  1.02169e-04  4.10759e+04  4.43392e+04  2.34107e+02  3.55293e+01  4.89622e+04
    9    2  3.88682e-04  3.36284e-04  5.04972e+04  4.85850e+04 -5.87443e+01 -4.54788e+00  5.91836e+04
    9    3  6.66535e-04  5.89865e-04  4.98709e+04  5.07799e+04  1.74810e+02  2.54191e+01  5.88592e+04
    9    4  9.68687e-04  8.72975e-04  5.20362e+04  5.21209e+04 -1.78355e+02 -6.10318e+00  6.66127e+04
    9    5  1.30103e-03  1.26165e-03  4.98019e+04  4.90340e+04 -8.90500e+01 -9.57119e+00  6.41865e+04
    9    6  1.67663e-03  1.72983e-03  4.68413e+04  4.59915e+04 -1.99263e+02 -2.31937e-01  5.99035e+04
    9    7  2.24189e-03  2.39833e-03  4.17588e+04  4.07818e+04  3.87839e+02 -3.46704e+01  7.75544e+04
    9    8  3.98162e-03  3.37183e-03  3.49515e+04  3.37682e+04  2.36350e+03 -6.23627e+01  7.62424e+04
   10    1  1.81877e-04  1.52601e-04  4.75643e+04  4.93920e+04 -2.76277e+02  6.37806e+01  5.24298e+04
   10    2  5.56746e-04  5.26807e-04  4.57422e+04  4.46433e+04  2.60801e+02 -3.04314e+01  5.09012e+04
   10    3  9.62999e-04  9.41901e-04  4.43373e+04  4.50592e+04 -1.13370e+02  2.73145e+01  5.17775e+04
   10    4  1.41376e-03  1.39648e-03  4.49585e+04  4.50293e+04 -1.46550e+01  3.68715e+00  5.66786e+04
   10    5  1.91043e-03  1.90348e-03  4.56193e+04  4.55460e+04  1.30994e+02 -1.58697e+01  5.91445e+04
   10    6  2.47117e-03  2.58548e-03  4.29690e+04  4.25975e+04  1.08739e+02  9.38288e-01  5.91470e+04
   10    7  3.27209e-03  3.76779e-03  3.72753e+04  3.64683e+04  2.49395e+02 -3.00472e+01  7.53400e+04
   10    8  5.59467e-03  4.81130e-03  3.40022e+04  3.36406e+04  1.28355e+03 -8.37445e+01  7.25307e+04
   11    1  2.61852e-04  2.34645e-04  3.98133e+04  4.03384e+04 -5.77210e+02  7.33198e+01  4.14755e+04
   11    2  8.06660e-04  7.12632e-04  4.38798e+04  4.22199e+04  1.55303e+01  8.79897e-02  4.45503e+04
   11    3  1.41312e-03  1.24470e-03  4.31277e+04  4.30477e+04 -2.36503e+02 -1.14297e+01  4.51390e+04
   11    4  2.11315e-03  1.94968e-03  4.10963e+04  4.11187e+04 -7.68256e+01 -1.59036e+01  5.25881e+04
   11    5  2.91246e-03  2.72086e-03  4.19815e+04  4.19848e+04  1.44355e+02 -3.61472e+01  5.77990e+04
   11    6  3.77258e-03  3.65613e-03  4.11482e+04  4.10237e+04  1.27801e+02 -2.15870e+01  5.96320e+04
   11    7  4.85823e-03  5.40046e-03  3.51238e+04  3.48535e+04  1.60869e+02 -5.12528e+01  6.94470e+04
   11    8  7.45859e-03  6.37359e-03  3.42628e+04  3.41391e+04  7.17457e+02 -9.41640e+01  6.80826e+04
   12    1  3.49536e-04  3.15471e-04  3.96662e+04  4.28685e+04  2.15392e+02  2.40841e+01  4.53425e+04
   12    2  1.07998e-03  9.79444e-04  4.22246e+04  4.24858e+04  1.81254e+02  1.73548e+01  4.67498e+04
   12    3  1.90585e-03  1.77860e-03  3.83031e+04  3.92018e+04 -3.00775e+02 -2.20570e+00  4.62553e+04
   12    4  2.89237e-03  2.71314e-03  3.88102e+04  3.87999e+04  4.19305e+00 -7.58815e+00  5.60634e+04
   12    5  4.09295e-03  4.02588e-03  3.71559e+04  3.73015e+04  5.63036e+01 -3.54960e+01  5.74586e+04
   12    6  5.49752e-03  5.28859e-03  3.63838e+04  3.66348e+04 -3.65793e+00 -3.99813e+01  5.71316e+04
   12    7  7.00099e-03  7.31348e-03  3.27795e+04  3.27328e+04 -3.88916e-01 -4.83522e+01  6.30252e+04
   12    8  1.00071e-02  8.49433e-03  3.28562e+04  3.27955e+04  4.40754e+02 -9.77512e+01  6.41681e+04
   13    1  4.43509e-04  3.59031e-04  3.66057e+04  3.72183e+04 -3.24936e+02  2.39177e+01  4.24698e+04
   13    2  1.37818e-03  1.25931e-03  3.80031e+04  3.86670e+04  9.62606e+01 -1.30581e+01  4.78295e+04
   13    3  2.45373e-03  2.35029e-03  3.74188e+04  3.84341e+04  1.38252e+02 -1.97016e+01  4.61124e+04
   13    4  3.75226e-03  3.64019e-03  3.69624e+04  3.72134e+04 -2.13133e+01 -3.19636e+01  5.05712e+04
   13    5  5.32940e-03  5.34264e-03  3.44721e+04  3.48668e+04 -2.49703e+00 -4.17816e+01  5.00989e+04
   13    6  7.22093e-03  7.03825e-03  3.39235e+04  3.40801e+04 -1.29268e+02 -4.85571e+01  5.16769e+04
   13    7  9.42141e-03  9.63815e-03  3.03603e+04  3.03392e+04 -1.43143e+00 -5.76579e+01  5.77388e+04
   13    8  1.21175e-02  1.12203e-02  2.98158e+04  2.98271e+04  3.97130e+02 -1.01807e+02  5.96582e+04
   14    1  5.14360e-04  4.06929e-04  3.62656e+04  3.59210e+04 -1.86268e+02  1.38124e+01  4.29632e+04
   14    2  1.60969e-03  1.59953e-03  3.35785e+04  3.38413e+04  5.45014e+01 -1.27158e+01  4.40910e+04
   14    3  2.90779e-03  2.94573e-03  3.65866e+04  3.63117e+04  4.01775e+01 -1.39719e+01  4.23326e+04
   14    4  4.54264e-03  4.39868e-03  3.70004e+04  3.67055e+04 -8.46643e+01 -3.47831e+01  4.83261e+04
   14    5  6.60242e-03  6.80827e-03  3.29918e+04  3.30733e+04 -9.65626e+01 -5.59019e+01  4.96791e+04
   14    6  9.05707e-03  9.18138e-03  3.21099e+04  3.21701e+04  2.17858e+01 -7.21799e+01  5.18791e+04
   14    7  1.20112e-02  1.25363e-02  2.85550e+04  2.85441e+04  5.29885e+01 -8.39220e+01  5.52564e+04
   14    8  1.55704e-02  1.49675e-02  2.68780e+04  2.67933e+04  2.07921e+02 -1.25349e+02  5.94829e+04
   15    1  6.10249e-04  6.04894e-04  2.77934e+04  2.57988e+04 -1.83504e+02  1.81354e+01  3.45850e+04
   15    2  1.93159e-03  2.29984e-03  2.79413e+04  2.86649e+04 -6.97607e+01 -3.29815e+01  4.01417e+04
   15    3  3.56870e-03  4.06965e-03  3.22817e+04  3.20839e+04 -4.03555e+01 -3.65728e+01  4.18423e+04
   15    4  5.75756e-03  5.93154e-03  3.46284e+04  3.46693e+04  5.63130e+01 -5.27128e+01  4.40247e+04
   15    5  8.69007e-03  9.04087e-03  3.16949e+04  3.15444e+04  1.73423e+02 -6.71440e+01  4.30308e+04
   15    6  1.23063e-02  1.27703e-02  2.89167e+04  2.88187e+04  3.61600e+01 -9.17698e+01  4.50501e+04
   15    7  1.61543e-02  1.73440e-02  2.64768e+04  2.63945e+04  3.84468e+01 -1.02409e+02  4.84095e+04
   15    8  2.05943e-02  2.02649e-02  2.53619e+04  2.53728e+04  1.53141e+02 -1.28726e+02  4.89071e+04
   16    1  6.49608e-04  7.94522e-04  1.98043e+04  1.97121e+04 -2.83400e+02 -5.69335e+01  2.66212e+04
   16    2  2.06691e-03  3.31550e-03  2.09442e+04  2.09886e+04 -5.46296e+01 -6.11041e+01  3.02119e+04
   16    3  3.87142e-03  6.62995e-03  2.25526e+04  2.25726e+04 -1.13476e+01 -3.11804e+01  3.29179e+04
   16    4  6.42768e-03  9.47444e-03  2.48113e+04  2.48755e+04  3.78434e+01 -5.55334e+01  2.99102e+04
   16    5  1.02053e-02  1.23540e-02  2.57899e+04  2.57705e+04  5.71953e+01 -6.43718e+01  2.71355e+04
   16    6  1.55205e-02  1.65798e-02  2.41221e+04  2.41436e+04 -6.49985e+01 -7.93438e+01  3.01321e+04
   16    7  2.16966e-02  2.33929e-02  2.10800e+04  2.10398e+04  1.36543e+01 -9.61284e+01  3.36260e+04
   16    8  2.67357e-02  2.40752e-02  2.29895e+04  2.29293e+04  4.29582e+01 -1.03011e+02  3.10507e+04
   17    1  6.90428e-04  7.86064e-04  2.34823e+04  2.37889e+04 -3.41227e+01 -2.96231e+01  2.65293e+04
   17    2  2.17850e-03  3.08725e-03  2.02992e+04  2.01881e+04  1.03698e+02 -5.93925e+01  2.54155e+04
   17    3  4.03988e-03  7.21250e-03  1.72656e+04  1.73240e+04 -5.87735e+01 -8.83301e+01  2.73964e+04
   17    4  6.68858e-03  1.17294e-02  1.77049e+04  1.76782e+04 -6.45921e+01 -8.77877e+01  2.46454e+04
   17    5  1.07133e-02  1.41945e-02  2.03001e+04  2.02730e+04  2.76297e+01 -7.63397e+01  2.05113e+04
   17    6  1.66243e-02  1.64837e-02  2.14298e+04  2.14150e+04 -4.09722e+01 -7.68254e+01  1.95988e+04
   17    7  2.39135e-02  2.10886e-02  1.99853e+04  1.99532e+04  1.15278e+02 -8.25148e+01  2.15182e+04
   17    8  2.96284e-02  2.24039e-02  2.01869e+04  2.01852e+04  7.44151e+00 -9.12910e+01  1.98516e+04
   18    1  9.45996e-04  1.00491e-03  2.29086e+04  2.27436e+04  1.01382e+02 -9.59628e+01  2.40186e+04
   18    2  2.86861e-03  3.44641e-03  2.04614e+04  2.05325e+04 -7.13049e+01 -8.09988e+01  2.20406e+04
   18    3  4.92744e-03  6.69024e-03  1.84711e+04  1.84530e+04  4.37551e+01 -8.19515e+01  2.12658e+04
   18    4  7.40498e-03  1.16172e-02  1.60291e+04  1.60381e+04  3.93828e+01 -9.87221e+01  2.22867e+04
   18    5  1.09764e-02  1.57821e-02  1.61635e+04  1.61748e+04 -9.33662e+01 -7.21006e+01  1.67766e+04
   18    6  1.66939e-02  1.72501e-02  1.76824e+04  1.76226e+04  1.27613e+01 -7.78745e+01  1.48894e+04
   18    7  2.46496e-02  1.90183e-02  1.79509e+04  1.80016e+04  9.32728e+01 -8.69042e+01  1.47191e+04
   18    8  3.13627e-02  1.87995e-02  1.95529e+04  1.94998e+04 -6.10870e+01 -8.12770e+01  1.32450e+04
   19    1  1.42148e-03  1.41632e-03  1.60573e+04  1.60357e+04 -1.41966e+02 -2.35631e+01  1.74964e+04
   19    2  4.26242e-03  4.89061e-03  1.52321e+04  1.52946e+04 -4.60416e+01 -6.27951e+01  1.63074e+04
   19    3  7.09606e-03  8.67033e-03  1.46510e+04  1.46137e+04  3.45836e+01 -6.70568e+01  1.49770e+04
   19    4  9.94495e-03  1.23324e-02  1.41485e+04  1.41684e+04  7.06697e+00 -8.16518e+01  1.51340e+04
   19    5  1.30436e-02  1.55071e-02  1.42180e+04  1.41861e+04 -2.29462e+01 -6.82363e+01  1.08622e+04
   19    6  1.73332e-02  1.67973e-02  1.49113e+04  1.49388e+04  3.27124e+01 -7.04415e+01  1.06037e+04
   19    7  2.42161e-02  1.78221e-02  1.55406e+04  1.54989e+04  4.95512e+01 -7.67562e+01  1.11899e+04
   19    8  3.13623e-02  2.35501e-02  1.22599e+04  1.22725e+04  1.51855e+01 -2.35986e+01  1.82872e+04
   20    1  1.90395e-03  1.79335e-03  1.17030e+04  1.17821e+04 -6.72789e+01 -2.38670e+01  1.21088e+04
   20    2  5.69707e-03  5.96653e-03  1.10398e+04  1.10390e+04 -4.20532e+01  2.95240e+01  1.12387e+04
   20    3  9.43343e-03  1.09788e-02  9.90296e+03  9.92786e+03  1.30419e+01 -2.06878e+01  9.42517e+03
   20    4  1.30360e-02  1.42581e-02  1.00242e+04  9.97673e+03 -4.05181e-01 -2.65587e+01  5.96106e+03
   20    5  1.63966e-02  1.69513e-02  9.70129e+03  9.73458e+03 -3.03390e+00 -4.34650e+01  7.36291e+03
   20    6  1.96040e-02  1.86582e-02  1.02083e+04  1.01794e+04  9.52857e+00 -4.71553e+01  6.93251e+03
   20    7  2.38251e-02  2.02441e-02  1.00677e+04  1.00833e+04  2.58156e+01 -5.73974e+01  8.53968e+03
   20    8  2.93733e-02  2.98614e-02  7.23215e+03  7.23188e+03 -9.78545e+00 -5.74060e+00  1.94408e+04
   21    1  3.54022e-03  3.63825e-03  4.61609e+03  4.63423e+03  4.80818e+01 -3.00549e+01  5.39246e+03
   21    2  1.06742e-02  1.18538e-02  4.98293e+03  4.97543e+03 -4.68272e+00 -3.00480e+01  5.21395e+03
   21    3  1.79218e-02  1.63177e-02  5.46856e+03  5.45850e+03 -1.90377e+01 -3.16796e+00  3.06011e+03
   21    4  2.52048e-02  2.51340e-02  4.73446e+03  4.74500e+03  1.05223e+01 -3.92346e+01  6.35871e+03
   21    5  3.22328e-02  2.96622e-02  5.26910e+03  5.25779e+03  1.13611e+01 -3.57519e+01  4.86116e+03
   21    6  3.84821e-02  3.42328e-02  5.18849e+03  5.19846e+03 -7.90445e-01 -4.53725e+01  6.27505e+03
   21    7  4.33689e-02  3.88694e-02  5.16830e+03  5.16466e+03  1.66966e+01 -4.95659e+01  6.94997e+03
   21    8  4.65969e-02  4.84847e-02  4.38018e+03  4.38116e+03 -2.76966e+00  1.44361e+01  9.93304e+03
