      21       8       0
  1.448085744186e+01  1.464885745674e+01  1.481685749450e+01  1.498485707191e+01
  1.515285683674e+01  1.532085636899e+01  1.548885658897e+01  1.565685683534e+01
  1.582485707253e+01  1.599285737347e+01  1.616085853068e+01  1.632885645380e+01
  1.649685772074e+01  1.666485718940e+01  1.683285748571e+01  1.700085905289e+01
  1.716885679161e+01  1.733685782140e+01  1.750485673056e+01  1.767285674783e+01
  1.784085730103e+01
  9.817477042468e-02  2.945243112740e-01  4.908738521234e-01  6.872233929728e-01
  8.835729338221e-01  1.079922474671e+00  1.276272015521e+00  1.472621556370e+00
    1    1  1.93699e-05  1.94516e-05  3.24761e+04  1.10502e+05 -1.30080e+02  2.20882e+01  1.18223e+05
    1    2  5.89558e-05  5.95312e-05  3.98750e+04  1.15808e+05  1.15175e+03 -8.48944e+01  1.27138e+05
    1    3  1.00900e-04  1.02335e-04  4.08021e+04  1.17019e+05  2.12633e+03  2.97393e+01  1.30739e+05
    1    4  1.46060e-04  1.48879e-04  4.62346e+04  1.16018e+05  3.28100e+03  6.73727e+01  1.43358e+05
    1    5  1.93829e-04  1.98673e-04  5.08139e+04  1.14346e+05  5.46351e+03  8.43664e+01  1.57330e+05
    1    6  2.40973e-04  2.48221e-04  6.51018e+04  1.11633e+05  8.83643e+03  7.98514e+01  1.64306e+05
    1    7  2.80759e-04  2.90252e-04  8.43215e+04  1.10341e+05  1.25497e+04  5.35779e+01  1.67183e+05
    1    8  3.04129e-04  3.15130e-04  1.00608e+05  1.08039e+05  1.51428e+04  9.70836e+01  1.65876e+05
    2    1  1.01800e-05  1.02070e-05  8.31133e+04  7.64525e+04 -1.06860e+03 -1.63870e+02  9.36531e+04
    2    2  3.11778e-05  3.13375e-05  7.31095e+04  7.89702e+04  1.62821e+02 -1.54049e+02  7.54704e+04
    2    3  5.40085e-05  5.44200e-05  7.05881e+04  7.56058e+04  2.18520e+03 -1.19142e+02  7.67960e+04
    2    4  7.95074e-05  8.03145e-05  6.90229e+04  7.21335e+04  3.34009e+03 -7.45638e+01  7.50616e+04
    2    5  1.07547e-04  1.09134e-04  7.03515e+04  6.86272e+04  4.52888e+03 -6.91299e+01  7.74490e+04
    2    6  1.36129e-04  1.38525e-04  7.89781e+04  6.59710e+04  6.05368e+03 -4.34697e+01  7.02678e+04
    2    7  1.60774e-04  1.64401e-04  9.67425e+04  6.22340e+04  8.02467e+03 -5.03524e+01  6.61517e+04
    2    8  1.75413e-04  1.79697e-04  1.17147e+05  6.22282e+04  1.06541e+04 -1.53909e+00  7.19106e+04
    3    1  1.47202e-05  1.47661e-05  9.64279e+04  9.66633e+04 -3.91875e+02 -1.46316e+02  1.03783e+05
    3    2  4.50159e-05  4.53378e-05  7.91596e+04  9.43553e+04  1.68410e+03 -1.02267e+02  8.73537e+04
    3    3  7.78291e-05  7.86781e-05  6.48135e+04  8.18043e+04  3.06786e+03 -1.27672e+02  6.76191e+04
    3    4  1.14527e-04  1.16169e-04  6.50391e+04  7.06050e+04  3.70042e+03 -8.35614e+01  7.63702e+04
    3    5  1.55442e-04  1.58419e-04  6.02329e+04  6.68642e+04  4.42390e+03 -7.18481e+01  8.15944e+04
    3    6  1.98333e-04  2.03223e-04  6.69339e+04  6.25717e+04  7.36779e+03 -5.94795e+01  7.00579e+04
    3    7  2.36626e-04  2.43461e-04  8.04337e+04  5.72812e+04  8.94800e+03 -6.57109e+01  5.55607e+04
    3    8  2.60030e-04  2.68568e-04  9.56465e+04  5.53511e+04  9.37437e+03 -3.28441e+01  6.75265e+04
    4    1  2.14982e-05  2.15719e-05  1.07401e+05  1.00282e+05  3.96535e+02 -6.40654e+01  1.08907e+05
    4    2  6.55372e-05  6.61073e-05  9.59192e+04  1.02780e+05  1.78035e+03 -2.62582e+01  1.09943e+05
    4    3  1.12910e-04  1.14399e-04  7.31601e+04  9.23893e+04  3.31820e+03 -1.19121e+02  8.70528e+04
    4    4  1.66357e-04  1.69519e-04  7.68868e+04  8.00406e+04  4.35944e+03 -7.25004e+01  8.99777e+04
    4    5  2.28550e-04  2.34181e-04  6.30949e+04  6.96906e+04  6.45658e+03  4.44827e+00  9.55061e+04
    4    6  2.99420e-04  3.09505e-04  5.97070e+04  5.93959e+04  8.44776e+03  3.26568e+01  8.31554e+04
    4    7  3.69837e-04  3.85354e-04  6.87576e+04  5.17563e+04  9.77447e+03  5.08928e+00  6.61561e+04
    4    8  4.16983e-04  4.37152e-04  7.87030e+04  4.71019e+04  9.51975e+03 -3.88786e+00  8.52479e+04
    5    1  3.29683e-05  3.31288e-05  9.23486e+04  6.10528e+04 -6.63810e+01 -1.21088e+02  6.03098e+04
    5    2  9.91314e-05  1.00220e-04  8.63411e+04  6.03280e+04  5.70102e+02 -6.95310e+01  5.86021e+04
    5    3  1.66206e-04  1.69065e-04  7.27619e+04  6.00041e+04  1.23022e+03 -6.74257e+01  6.38433e+04
    5    4  2.35824e-04  2.41318e-04  7.93858e+04  6.15852e+04  2.34861e+03 -2.67314e+01  6.85389e+04
    5    5  3.12385e-04  3.22372e-04  7.06041e+04  6.07424e+04  4.49688e+03  7.23982e+01  7.93846e+04
    5    6  4.06939e-04  4.22867e-04  7.10319e+04  5.82953e+04  9.10395e+03  1.21576e+02  8.85485e+04
    5    7  5.31307e-04  5.59798e-04  7.21655e+04  4.93073e+04  1.18133e+04  7.70932e+01  7.52815e+04
    5    8  6.45468e-04  6.89505e-04  7.74782e+04  4.09532e+04  1.07066e+04  1.90291e+01  8.84021e+04
    6    1  4.73984e-05  4.75559e-05  6.66139e+04  2.91718e+04 -2.67058e+01 -7.21028e+01  3.28886e+04
    6    2  1.42413e-04  1.44143e-04  6.47805e+04  3.33342e+04  6.70280e+02 -1.52162e+01  3.76949e+04
    6    3  2.38054e-04  2.41795e-04  5.89848e+04  4.01036e+04  1.92164e+03  9.31603e+00  5.15683e+04
    6    4  3.35063e-04  3.43296e-04  6.64773e+04  4.55215e+04  3.42843e+03  2.56512e+01  5.56157e+04
    6    5  4.36222e-04  4.49338e-04  6.43160e+04  4.88634e+04  5.50439e+03  6.53907e+01  5.81070e+04
    6    6  5.54229e-04  5.78905e-04  6.83128e+04  4.87561e+04  7.04849e+03  6.56793e+01  7.05611e+04
    6    7  7.48698e-04  7.94194e-04  7.14606e+04  4.35195e+04  1.12818e+04  3.85336e+01  7.25062e+04
    6    8  1.04400e-03  1.13604e-03  7.82179e+04  3.50576e+04  1.24809e+04  1.63561e+01  7.31333e+04
    7    1  6.54702e-05  6.54383e-05  4.82213e+04  3.84181e+04  8.78412e+02 -4.75519e+01  4.16908e+04
    7    2  1.97273e-04  1.96774e-04  4.98785e+04  4.32620e+04  1.58404e+03 -8.66635e+00  4.92684e+04
    7    3  3.31167e-04  3.30719e-04  4.97868e+04  4.76647e+04  2.02347e+03  2.45352e+01  6.38203e+04
    7    4  4.67575e-04  4.68695e-04  5.67168e+04  5.25559e+04  2.23625e+03  3.40230e+01  6.29223e+04
    7    5  6.09934e-04  6.17576e-04  5.77280e+04  5.25027e+04  4.68217e+03  5.19323e+01  5.44220e+04
    7    6  7.81128e-04  7.95839e-04  6.07493e+04  5.14633e+04  8.12473e+03  5.31767e+01  5.80064e+04
    7    7  1.06768e-03  1.11714e-03  7.28565e+04  4.50513e+04  1.19973e+04 -2.87218e+01  7.73696e+04
    7    8  1.65673e-03  1.77731e-03  7.28525e+04  3.15206e+04  1.34828e+04 -1.96044e+01  6.16296e+04
    8    1  9.37806e-05  9.26427e-05  5.62884e+04  6.64475e+04  1.01040e+03  1.38769e+01  6.80377e+04
    8    2  2.84512e-04  2.74825e-04  5.14033e+04  6.26506e+04  1.88356e+03  3.39558e+01  6.06949e+04
    8    3  4.83895e-04  4.59533e-04  5.24175e+04  6.01463e+04  1.79321e+03  2.33432e+01  6.78579e+04
    8    4  6.94864e-04  6.58613e-04  5.95147e+04  5.83145e+04  2.02545e+03  8.43568e+00  6.46550e+04
    8    5  9.17124e-04  8.77355e-04  5.91127e+04  5.49939e+04  2.85556e+03  1.97563e+01  6.11553e+04
    8    6  1.16508e-03  1.13357e-03  5.57604e+04  5.06612e+04  4.30814e+03  3.85919e+01  6.18087e+04
    8    7  1.60779e-03  1.59201e-03  6.55846e+04  4.31699e+04  9.89272e+03 -1.52080e+01  5.69427e+04
    8    8  2.58015e-03  2.59866e-03  7.23748e+04  3.04309e+04  1.40805e+04 -3.68655e+01  6.57770e+04
    9    1  1.27563e-04  1.25720e-04  5.70377e+04  5.62741e+04  8.46182e+02 -7.41599e+00  5.82749e+04
    9    2  3.88682e-04  3.73217e-04  5.39267e+04  5.96186e+04  2.14563e+03  8.09445e+00  6.21450e+04
    9    3  6.66535e-04  6.22591e-04  5.57112e+04  5.84985e+04  2.27966e+03  3.06071e+01  5.83195e+04
    9    4  9.68687e-04  8.97830e-04  6.11502e+04  5.78540e+04  2.57453e+03  1.59604e+01  5.25901e+04
    9    5  1.30103e-03  1.22645e-03  6.01157e+04  5.29574e+04  2.61902e+03  1.13725e+00  5.31895e+04
    9    6  1.67663e-03  1.61091e-03  5.97503e+04  5.01980e+04  2.78971e+03  2.72814e+00  6.03619e+04
    9    7  2.24189e-03  2.19313e-03  5.87303e+04  4.31683e+04  5.93523e+03 -2.46185e+01  5.21867e+04
    9    8  3.98162e-03  3.90410e-03  6.44607e+04  2.84450e+04  1.11847e+04 -6.34075e+01  6.01509e+04
   10    1  1.81877e-04  1.81145e-04  5.30297e+04  5.53449e+04  3.00634e+02  5.43919e+01  5.53829e+04
   10    2  5.56746e-04  5.48162e-04  4.96841e+04  5.54976e+04  2.26821e+03 -9.76358e+00  5.51052e+04
   10    3  9.62999e-04  9.31688e-04  5.07719e+04  5.38005e+04  2.23436e+03  3.45150e+01  5.33445e+04
   10    4  1.41376e-03  1.35113e-03  5.71148e+04  5.31290e+04  2.37574e+03  7.88214e+00  5.52199e+04
   10    5  1.91043e-03  1.83247e-03  5.48927e+04  5.11859e+04  2.70593e+03 -6.04977e+00  5.41785e+04
   10    6  2.47117e-03  2.46092e-03  5.44486e+04  4.60801e+04  2.51860e+03 -8.58801e+00  5.63452e+04
   10    7  3.27209e-03  3.29928e-03  5.25935e+04  4.12661e+04  3.88244e+03 -1.63307e+01  5.59569e+04
   10    8  5.59467e-03  5.47968e-03  5.69416e+04  2.88194e+04  7.53062e+03 -7.99338e+01  5.80007e+04
   11    1  2.61852e-04  2.61399e-04  4.39904e+04  4.79032e+04  1.08387e+02  7.72552e+01  4.79293e+04
   11    2  8.06660e-04  7.90832e-04  4.38876e+04  4.69616e+04  5.10806e+02  1.18011e+01  4.86923e+04
   11    3  1.41312e-03  1.35895e-03  4.59185e+04  4.71532e+04  9.43646e+02 -2.78352e+00  4.91053e+04
   11    4  2.11315e-03  2.02355e-03  4.94918e+04  4.54616e+04  1.34502e+03 -1.55510e+01  4.97804e+04
   11    5  2.91246e-03  2.75976e-03  4.76880e+04  4.46927e+04  1.88481e+03 -2.33557e+01  4.87839e+04
   11    6  3.77258e-03  3.66907e-03  4.87802e+04  4.21994e+04  2.64325e+03 -2.55539e+01  5.14046e+04
   11    7  4.85823e-03  4.98868e-03  4.79853e+04  3.69613e+04  3.08880e+03 -4.48381e+01  5.66493e+04
   11    8  7.45859e-03  7.28140e-03  5.09990e+04  2.90123e+04  5.05499e+03 -9.00807e+01  5.64203e+04
   12    1  3.49536e-04  3.47449e-04  4.10627e+04  4.29611e+04  1.28960e+01  1.80755e+01  4.57551e+04
   12    2  1.07998e-03  1.05951e-03  4.21000e+04  4.57761e+04 -2.74743e+02  1.63260e+01  4.75409e+04
   12    3  1.90585e-03  1.85159e-03  4.17521e+04  4.55888e+04 -2.65442e+02 -8.11502e+00  4.72987e+04
   12    4  2.89237e-03  2.82323e-03  4.61157e+04  4.33500e+04  2.01789e+02 -9.46112e+00  5.04766e+04
   12    5  4.09295e-03  3.97738e-03  4.09312e+04  4.21114e+04  5.44606e+02 -2.58017e+01  5.04098e+04
   12    6  5.49752e-03  5.33079e-03  4.13371e+04  3.99262e+04  1.34299e+03 -3.98241e+01  5.16341e+04
   12    7  7.00099e-03  7.07749e-03  4.53166e+04  3.61160e+04  2.80381e+03 -4.84729e+01  5.40759e+04
   12    8  1.00071e-02  9.85472e-03  4.46926e+04  2.92032e+04  3.65174e+03 -9.25076e+01  5.67612e+04
   13    1  4.43509e-04  4.40805e-04  4.46207e+04  4.59994e+04 -5.05018e+02 -1.79612e+01  4.61969e+04
   13    2  1.37818e-03  1.35824e-03  4.29639e+04  4.38836e+04 -3.12530e+02 -8.86292e+00  4.28954e+04
   13    3  2.45373e-03  2.39205e-03  4.09779e+04  4.13896e+04  1.59652e+02 -2.49014e+01  4.63353e+04
   13    4  3.75226e-03  3.68397e-03  4.35988e+04  3.94779e+04  1.25292e+02 -3.37664e+01  4.75007e+04
   13    5  5.32940e-03  5.27154e-03  3.84072e+04  3.61291e+04  1.38110e+02 -3.36358e+01  4.79802e+04
   13    6  7.22093e-03  7.09674e-03  3.78302e+04  3.42268e+04  3.05571e+02 -4.74983e+01  5.19049e+04
   13    7  9.42141e-03  9.57823e-03  4.00498e+04  3.07210e+04  1.58339e+03 -6.25249e+01  5.15681e+04
   13    8  1.21175e-02  1.19740e-02  4.55521e+04  2.84580e+04  3.45729e+03 -9.93085e+01  5.67624e+04
   14    1  5.14360e-04  5.10856e-04  4.86627e+04  4.49729e+04 -3.59463e+01  1.56861e+01  4.14172e+04
   14    2  1.60969e-03  1.59026e-03  4.40007e+04  3.78928e+04 -1.77771e+02 -9.40656e+00  3.37221e+04
   14    3  2.90779e-03  2.88708e-03  4.07718e+04  3.59508e+04 -2.57549e+02 -1.11202e+01  4.23617e+04
   14    4  4.54264e-03  4.51010e-03  4.17408e+04  3.40876e+04 -1.75997e+02 -3.32542e+01  4.47652e+04
   14    5  6.60242e-03  6.54908e-03  3.87250e+04  3.26659e+04  1.08092e+02 -5.36206e+01  4.61048e+04
   14    6  9.05707e-03  8.93559e-03  3.84446e+04  3.12205e+04  3.39629e+02 -7.23737e+01  4.96182e+04
   14    7  1.20112e-02  1.22303e-02  3.87485e+04  2.80319e+04  9.87174e+02 -8.88929e+01  5.04744e+04
   14    8  1.55704e-02  1.54131e-02  4.37191e+04  2.52818e+04  2.72006e+03 -1.17772e+02  5.38366e+04
   15    1  6.10249e-04  6.11261e-04  4.77715e+04  2.66473e+04 -7.32557e+02  1.89305e+01  2.92389e+04
   15    2  1.93159e-03  1.92958e-03  4.04402e+04  2.82021e+04 -1.44456e+01 -7.50132e+00  3.13512e+04
   15    3  3.56870e-03  3.57231e-03  3.66104e+04  2.84154e+04  5.52415e+01 -3.48935e+01  3.72153e+04
   15    4  5.75756e-03  5.71715e-03  3.86856e+04  2.83888e+04 -1.58809e+02 -5.39192e+01  3.78274e+04
   15    5  8.69007e-03  8.63255e-03  3.68632e+04  2.64745e+04  1.43610e+02 -6.54325e+01  3.94534e+04
   15    6  1.23063e-02  1.21529e-02  3.57395e+04  2.51240e+04 -4.99721e+00 -8.51830e+01  4.25186e+04
   15    7  1.61543e-02  1.61840e-02  3.79542e+04  2.36741e+04  9.06500e+02 -1.03090e+02  4.46556e+04
   15    8  2.05943e-02  2.05198e-02  3.97705e+04  2.12808e+04  1.45516e+03 -1.29747e+02  4.88415e+04
   16    1  6.49608e-04  6.50129e-04  4.94249e+04  1.23084e+04 -2.02560e+02 -5.01755e+00  1.89994e+04
   16    2  2.06691e-03  2.06687e-03  3.80300e+04  1.84029e+04 -2.09188e+02 -4.41852e+01  2.53298e+04
   16    3  3.87142e-03  3.87570e-03  3.46551e+04  1.96783e+04 -5.95148e+01 -6.73566e+01  2.62361e+04
   16    4  6.42768e-03  6.41405e-03  3.61786e+04  1.95253e+04  8.18969e+01 -7.61352e+01  2.69753e+04
   16    5  1.02053e-02  1.01747e-02  3.40269e+04  1.84459e+04 -1.27766e+01 -6.35973e+01  2.76279e+04
   16    6  1.55205e-02  1.54850e-02  3.13871e+04  1.70483e+04  1.70812e+02 -6.68648e+01  3.11806e+04
   16    7  2.16966e-02  2.16529e-02  3.30313e+04  1.58971e+04  7.52734e+02 -9.90541e+01  3.38580e+04
   16    8  2.67357e-02  2.67809e-02  3.42629e+04  1.50267e+04  7.04868e+02 -1.22707e+02  3.79163e+04
   17    1  6.90428e-04  6.90354e-04  4.98292e+04  7.71584e+03 -4.31657e+02 -2.43131e+01  1.33320e+04
   17    2  2.17850e-03  2.17946e-03  3.65071e+04  1.26233e+04 -8.08692e+01 -6.52905e+01  1.94997e+04
   17    3  4.03988e-03  4.04198e-03  3.33422e+04  1.47247e+04  3.73967e+01 -8.42197e+01  2.20698e+04
   17    4  6.68858e-03  6.69953e-03  3.44482e+04  1.47814e+04 -1.71125e+01 -8.20327e+01  2.13611e+04
   17    5  1.07133e-02  1.06611e-02  3.15945e+04  1.39003e+04 -4.61747e+01 -7.50239e+01  2.13196e+04
   17    6  1.66243e-02  1.65951e-02  2.89560e+04  1.27589e+04  1.54046e+02 -7.79685e+01  2.43838e+04
   17    7  2.39135e-02  2.39633e-02  3.08745e+04  1.20387e+04  7.51689e+02 -9.76103e+01  2.60399e+04
   17    8  2.96284e-02  2.96726e-02  3.07986e+04  1.13810e+04  3.59162e+02 -1.17084e+02  2.97407e+04
   18    1  9.45996e-04  9.46098e-04  3.22815e+04  3.03748e+03 -6.88880e+01 -2.62755e+01  7.63058e+03
   18    2  2.86861e-03  2.87028e-03  2.65877e+04  7.85331e+03  1.15699e+01 -4.93496e+01  1.31918e+04
   18    3  4.92744e-03  4.93130e-03  2.75858e+04  1.02092e+04  1.57768e+00 -4.46575e+01  1.58720e+04
   18    4  7.40498e-03  7.38953e-03  3.06242e+04  1.07108e+04  1.83688e+01 -4.40436e+01  1.09118e+04
   18    5  1.09764e-02  1.10332e-02  2.84312e+04  9.31487e+03 -1.84760e+02 -3.45536e+01  8.78085e+03
   18    6  1.66939e-02  1.66986e-02  2.63327e+04  8.17335e+03  1.89698e+02 -3.47000e+01  9.45368e+03
   18    7  2.46496e-02  2.46568e-02  2.74159e+04  7.00088e+03  5.39597e+02 -6.10636e+01  1.23052e+04
   18    8  3.13627e-02  3.14850e-02  2.62630e+04  6.51683e+03  9.89598e+01 -7.39521e+01  1.94411e+04
   19    1  1.42148e-03  1.42178e-03  1.44336e+04  2.76451e+03 -5.37304e+00 -2.17262e+01  7.09474e+03
   19    2  4.26242e-03  4.26447e-03  1.40623e+04  7.29632e+03  2.28206e+01 -4.37680e+01  1.17441e+04
   19    3  7.09606e-03  7.08950e-03  1.70312e+04  9.20514e+03  2.26252e+01 -1.72527e+01  1.15053e+04
   19    4  9.94495e-03  9.92255e-03  2.01487e+04  9.31273e+03 -4.25952e+01 -1.72813e+01  6.62118e+03
   19    5  1.30436e-02  1.31144e-02  2.04739e+04  8.35907e+03 -2.90013e+01 -2.01095e+01  4.50932e+03
   19    6  1.73332e-02  1.73111e-02  2.09127e+04  7.44196e+03  1.28275e+02 -2.94584e+01  4.06656e+03
   19    7  2.42161e-02  2.42228e-02  2.16046e+04  5.97541e+03  3.58571e+02 -3.82357e+01  4.41776e+03
   19    8  3.13623e-02  3.14498e-02  2.02340e+04  5.04071e+03  9.69272e+01 -4.85944e+01  6.72021e+03
   20    1  1.90395e-03  1.90368e-03  5.40521e+03  1.38405e+04 -3.86229e+01 -7.84281e+01  1.24914e+04
   20    2  5.69707e-03  5.70085e-03  6.63428e+03  1.24174e+04  7.52893e-01 -5.43291e+01  1.04733e+04
   20    3  9.43343e-03  9.43743e-03  8.68966e+03  1.12030e+04  6.18111e+00 -2.57191e+01  7.95745e+03
   20    4  1.30360e-02  1.30176e-02  1.12432e+04  9.99517e+03 -5.51947e+01 -2.15533e+01  4.29975e+03
   20    5  1.63966e-02  1.63500e-02  1.24128e+04  8.88342e+03 -4.97889e+00 -1.98269e+01  2.86575e+03
   20    6  1.96040e-02  1.97245e-02  1.34759e+04  7.96948e+03  8.82933e+01 -1.84906e+01  2.08490e+03
   20    7  2.38251e-02  2.37144e-02  1.48222e+04  6.84169e+03  1.76911e+02 -1.54215e+01  1.61606e+03
   20    8  2.93733e-02  2.94314e-02  1.31947e+04  5.62619e+03  9.35420e+00 -1.92349e+01  2.55194e+03
   21    1  3.54022e-03  3.53773e-03  2.42605e+03  1.00218e+04  6.52813e-01 -8.01291e+01  9.53973e+03
   21    2  1.06742e-02  1.06587e-02  2.84224e+03  9.63089e+03 -1.47519e+01 -6.78204e+01  8.60854e+03
   21    3  1.79218e-02  1.79386e-02  3.79271e+03  8.58757e+03 -4.58178e+00 -1.26304e+01  6.45455e+03
   21    4  2.52048e-02  2.51564e-02  4.34242e+03  7.61791e+03  1.20962e+01 -1.65728e+01  4.54975e+03
   21    5  3.22328e-02  3.23370e-02  4.67486e+03  6.72792e+03  4.87478e+00 -1.50746e+01  3.34835e+03
   21    6  3.84821e-02  3.80198e-02  5.24169e+03  6.18626e+03  7.98354e+00 -1.45874e+01  2.35298e+03
   21    7  4.33689e-02  4.38903e-02  5.76916e+03  5.47771e+03  2.85586e+01 -9.76105e+00  1.41661e+03
   21    8  4.65969e-02  4.61323e-02  5.77454e+03  5.31306e+03  4.35567e+00 -1.41298e+01  1.62197e+03
