      21       8       0
  1.448085744186E+01  1.464885745674E+01  1.481685749450E+01  1.498485707191E+01
  1.515285683674E+01  1.532085636899E+01  1.548885658897E+01  1.565685683534E+01
  1.582485707253E+01  1.599285737347E+01  1.616085853068E+01  1.632885645380E+01
  1.649685772074E+01  1.666485718940E+01  1.683285748571E+01  1.700085905289E+01
  1.716885679161E+01  1.733685782140E+01  1.750485673056E+01  1.767285674783E+01
  1.784085730103E+01
  9.817477042468E-02  2.945243112740E-01  4.908738521234E-01  6.872233929728E-01
  8.835729338221E-01  1.079922474671E+00  1.276272015521E+00  1.472621556370E+00
    1    1  1.93699E-05  1.99936E-05  8.90384E+04  1.42916E+05  2.04091E+03  2.95265E+01  1.38441E+05
    1    2  5.89558E-05  5.57762E-05  8.79659E+04  1.43571E+05  4.93250E+03  3.30668E+01  1.34162E+05
    1    3  1.00900E-04  9.67317E-05  8.92805E+04  1.33111E+05  8.38409E+03  4.52047E+01  1.37352E+05
    1    4  1.46060E-04  1.41078E-04  9.76173E+04  1.26313E+05  1.31376E+04  5.85249E+01  1.40899E+05
    1    5  1.93829E-04  1.86584E-04  1.08785E+05  1.19549E+05  1.80952E+04  6.64292E+01  1.44124E+05
    1    6  2.40973E-04  2.30195E-04  1.22224E+05  1.15345E+05  2.43402E+04  6.84991E+01  1.46774E+05
    1    7  2.80759E-04  2.69165E-04  1.36298E+05  1.11255E+05  2.95979E+04  6.51105E+01  1.48534E+05
    1    8  3.04129E-04  3.10097E-04  1.46883E+05  1.02280E+05  3.18097E+04  6.22894E+01  1.54232E+05
    2    1  1.01800E-05  1.03486E-05  9.41916E+04  9.67637E+04  2.24088E+03  2.69873E+01  9.99970E+04
    2    2  3.11778E-05  3.08820E-05  8.95437E+04  9.41559E+04  5.40579E+03  2.88098E+01  9.27878E+04
    2    3  5.40085E-05  5.63303E-05  9.00620E+04  8.34371E+04  7.46888E+03  3.18379E+01  8.08112E+04
    2    4  7.95074E-05  8.36451E-05  9.31297E+04  7.42517E+04  9.56651E+03  3.69946E+01  7.71131E+04
    2    5  1.07547E-04  1.14010E-04  9.81473E+04  6.78709E+04  1.23416E+04  3.57060E+01  7.66751E+04
    2    6  1.36129E-04  1.43712E-04  1.06695E+05  6.33886E+04  1.51177E+04  2.94010E+01  7.78680E+04
    2    7  1.60774E-04  1.69355E-04  1.17967E+05  5.99792E+04  1.71891E+04  1.63145E+01  8.25608E+04
    2    8  1.75413E-04  1.86404E-04  1.30568E+05  5.73965E+04  1.86717E+04 -4.61520E+00  9.03341E+04
    3    1  1.47202E-05  1.49696E-05  8.53990E+04  8.17644E+04  3.01429E+03  2.44353E+01  8.37411E+04
    3    2  4.50159E-05  4.24588E-05  8.39298E+04  8.33352E+04  5.32428E+03  2.34297E+01  7.91257E+04
    3    3  7.78291E-05  7.62336E-05  8.64652E+04  7.50411E+04  8.18767E+03  2.06766E+01  7.24027E+04
    3    4  1.14527E-04  1.10751E-04  9.27475E+04  6.76334E+04  1.07878E+04  2.39702E+01  6.45009E+04
    3    5  1.55442E-04  1.50923E-04  9.65672E+04  6.05509E+04  1.32728E+04  1.40347E+01  5.98764E+04
    3    6  1.98333E-04  1.90951E-04  1.05841E+05  5.45788E+04  1.57663E+04 -1.60249E+00  6.10820E+04
    3    7  2.36626E-04  2.30208E-04  1.16007E+05  5.00755E+04  1.80849E+04 -2.34253E+01  6.58166E+04
    3    8  2.60030E-04  2.61337E-04  1.27767E+05  4.71216E+04  1.80811E+04 -5.10050E+01  7.48491E+04
    4    1  2.14982E-05  2.22326E-05  7.49099E+04  8.03213E+04  2.49894E+03  3.47766E+01  8.22313E+04
    4    2  6.55372E-05  6.41470E-05  7.21715E+04  8.12286E+04  5.38629E+03  3.34630E+01  7.50960E+04
    4    3  1.12910E-04  1.14042E-04  7.02435E+04  7.14386E+04  8.01560E+03  3.74085E+01  6.89312E+04
    4    4  1.66357E-04  1.67887E-04  7.98902E+04  6.46950E+04  9.77438E+03  4.63264E+01  6.12655E+04
    4    5  2.28550E-04  2.25917E-04  8.06542E+04  5.76346E+04  1.26095E+04  3.76373E+01  5.41540E+04
    4    6  2.99420E-04  2.93210E-04  8.85664E+04  5.10557E+04  1.51640E+04  2.00475E+01  5.31084E+04
    4    7  3.69837E-04  3.58100E-04  9.85007E+04  4.60091E+04  1.66598E+04 -2.57538E+00  5.91862E+04
    4    8  4.16983E-04  4.35359E-04  1.06351E+05  4.03102E+04  1.66945E+04 -2.43526E+01  7.19273E+04
    5    1  3.29683E-05  3.36050E-05  6.83448E+04  8.11017E+04  1.60332E+03  3.45067E+01  8.04564E+04
    5    2  9.91314E-05  9.42823E-05  6.63079E+04  8.09380E+04  3.93718E+03  4.07507E+01  7.26170E+04
    5    3  1.66206E-04  1.56544E-04  6.39062E+04  7.48228E+04  5.75915E+03  4.92412E+01  6.88653E+04
    5    4  2.35824E-04  2.39853E-04  7.15241E+04  6.56637E+04  8.11910E+03  6.57599E+01  5.98365E+04
    5    5  3.12385E-04  3.22892E-04  7.19031E+04  5.92637E+04  1.15021E+04  6.16804E+01  5.35854E+04
    5    6  4.06939E-04  4.18205E-04  7.93331E+04  5.19241E+04  1.48169E+04  5.08634E+01  5.28731E+04
    5    7  5.31307E-04  5.27281E-04  8.99015E+04  4.55474E+04  1.66496E+04  3.18601E+01  5.70772E+04
    5    8  6.45468E-04  6.93091E-04  9.56715E+04  3.70959E+04  1.65633E+04  1.67260E+01  7.50961E+04
    6    1  4.73984E-05  4.92260E-05  6.19149E+04  7.08803E+04  1.76687E+03  2.82673E+01  7.18376E+04
    6    2  1.42413E-04  1.41054E-04  6.10663E+04  7.11012E+04  3.26674E+03  3.01931E+01  6.30919E+04
    6    3  2.38054E-04  2.24415E-04  5.90856E+04  6.96146E+04  4.75341E+03  3.61998E+01  6.22009E+04
    6    4  3.35063E-04  3.28369E-04  6.64453E+04  6.38757E+04  6.73409E+03  6.17853E+01  5.61522E+04
    6    5  4.36222E-04  4.27150E-04  6.85110E+04  6.05802E+04  9.70586E+03  6.67303E+01  5.13681E+04
    6    6  5.54229E-04  5.74238E-04  7.43249E+04  5.32881E+04  1.35242E+04  6.25279E+01  5.34197E+04
    6    7  7.48698E-04  7.61307E-04  8.63687E+04  4.56555E+04  1.66848E+04  5.03652E+01  5.71720E+04
    6    8  1.04400E-03  1.10369E-03  8.94335E+04  3.44255E+04  1.62029E+04  4.02232E+01  7.28594E+04
    7    1  6.54702E-05  6.68189E-05  5.70759E+04  6.37946E+04  9.82803E+02  2.66742E+01  6.27790E+04
    7    2  1.97273E-04  1.94978E-04  5.71019E+04  6.21701E+04  1.89797E+03  2.65885E+01  5.70712E+04
    7    3  3.31167E-04  3.15167E-04  5.54340E+04  6.16762E+04  2.78755E+03  2.14125E+01  5.78757E+04
    7    4  4.67575E-04  4.66133E-04  5.96042E+04  5.88709E+04  3.96767E+03  3.56219E+01  5.41375E+04
    7    5  6.09934E-04  5.95066E-04  6.29893E+04  5.77666E+04  6.46130E+03  4.19988E+01  4.78593E+04
    7    6  7.81128E-04  7.61112E-04  6.98711E+04  5.47132E+04  1.06997E+04  4.40259E+01  4.63344E+04
    7    7  1.06768E-03  1.05645E-03  8.59075E+04  4.63432E+04  1.57404E+04  2.04483E+01  5.28406E+04
    7    8  1.65673E-03  1.62098E-03  8.94044E+04  3.36374E+04  1.64727E+04  1.30221E+01  6.58003E+04
    8    1  9.37806E-05  9.21959E-05  5.34493E+04  5.86344E+04  8.68034E+02  3.25804E+01  5.98930E+04
    8    2  2.84512E-04  2.68801E-04  5.47643E+04  5.78444E+04  1.11763E+03  3.65503E+01  5.36443E+04
    8    3  4.83895E-04  4.34561E-04  5.47619E+04  5.89560E+04  1.75825E+03  3.27022E+01  5.93674E+04
    8    4  6.94864E-04  6.43640E-04  5.70192E+04  5.59313E+04  2.58167E+03  2.35370E+01  5.69780E+04
    8    5  9.17124E-04  8.59124E-04  5.80810E+04  5.33572E+04  3.72453E+03  1.43832E+01  5.10763E+04
    8    6  1.16508E-03  1.07509E-03  6.38026E+04  5.15017E+04  6.40451E+03  6.20589E+00  4.70580E+04
    8    7  1.60779E-03  1.45749E-03  7.90809E+04  4.50686E+04  1.21847E+04 -1.88271E+01  4.63111E+04
    8    8  2.58015E-03  2.44932E-03  8.43456E+04  3.09442E+04  1.47596E+04 -2.73927E+01  6.01128E+04
    9    1  1.27563E-04  1.26138E-04  5.53422E+04  5.86807E+04  1.02966E+03  2.59708E+01  5.89881E+04
    9    2  3.88682E-04  3.71981E-04  5.41495E+04  5.83196E+04  1.30771E+03  1.88633E+01  5.65882E+04
    9    3  6.66535E-04  5.87889E-04  5.74125E+04  6.03622E+04  2.17423E+03  3.86941E+01  6.02523E+04
    9    4  9.68687E-04  8.28108E-04  6.02614E+04  5.90667E+04  2.33792E+03  2.31179E+01  5.94490E+04
    9    5  1.30103E-03  1.18517E-03  5.92114E+04  5.23996E+04  2.73445E+03  3.89392E+00  5.49374E+04
    9    6  1.67663E-03  1.57445E-03  6.00181E+04  4.81997E+04  4.28987E+03 -7.93009E+00  5.19186E+04
    9    7  2.24189E-03  2.19106E-03  6.67232E+04  4.09285E+04  7.96150E+03 -2.70143E+01  4.97287E+04
    9    8  3.98162E-03  3.80289E-03  7.05761E+04  2.72019E+04  1.08053E+04 -5.74832E+01  5.90450E+04
   10    1  1.81877E-04  1.88293E-04  4.97440E+04  5.01152E+04  1.57839E+02  3.68241E+01  5.32797E+04
   10    2  5.56746E-04  5.68160E-04  4.74292E+04  5.07124E+04  1.43551E+03 -2.67593E+00  5.17348E+04
   10    3  9.62999E-04  8.94033E-04  5.18517E+04  5.40759E+04  2.02289E+03  1.91049E+01  5.53507E+04
   10    4  1.41376E-03  1.20996E-03  5.98810E+04  5.59619E+04  2.67530E+03  1.45820E+01  5.63684E+04
   10    5  1.91043E-03  1.69609E-03  5.81924E+04  5.03958E+04  2.94308E+03 -2.88118E+00  5.31503E+04
   10    6  2.47117E-03  2.36632E-03  5.55370E+04  4.34930E+04  3.37348E+03 -8.58074E+00  5.18092E+04
   10    7  3.27209E-03  3.40243E-03  5.60087E+04  3.60375E+04  5.50052E+03 -1.83101E+01  5.07992E+04
   10    8  5.59467E-03  5.18162E-03  6.30447E+04  2.72711E+04  7.80977E+03 -7.35596E+01  5.64005E+04
   11    1  2.61852E-04  2.46079E-04  4.30076E+04  4.08978E+04 -3.58505E+02  5.25566E+01  4.26321E+04
   11    2  8.06660E-04  7.22745E-04  4.48989E+04  4.38798E+04  6.17102E+02 -1.61337E+01  4.55061E+04
   11    3  1.41312E-03  1.23433E-03  4.67501E+04  4.58266E+04  7.94514E+02 -1.20008E+01  4.95942E+04
   11    4  2.11315E-03  1.75792E-03  5.38057E+04  4.75105E+04  1.64491E+03 -4.14521E+00  4.91065E+04
   11    5  2.91246E-03  2.48974E-03  5.11832E+04  4.47490E+04  2.65729E+03 -1.92934E+01  4.82022E+04
   11    6  3.77258E-03  3.54790E-03  4.97587E+04  3.99068E+04  3.55381E+03 -3.63478E+01  5.08676E+04
   11    7  4.85823E-03  4.96774E-03  4.89755E+04  3.39589E+04  4.37140E+03 -4.94508E+01  5.13343E+04
   11    8  7.45859E-03  7.18458E-03  5.43855E+04  2.68785E+04  5.40227E+03 -8.84170E+01  5.88113E+04
   12    1  3.49536E-04  3.53551E-04  3.56524E+04  4.21509E+04  5.30514E+01  4.29825E+01  4.39570E+04
   12    2  1.07998E-03  1.01182E-03  4.02807E+04  4.57593E+04 -1.67910E+02 -9.58955E-01  4.75182E+04
   12    3  1.90585E-03  1.70476E-03  4.16880E+04  4.63769E+04 -2.89152E+02 -1.42939E+01  4.84297E+04
   12    4  2.89237E-03  2.56256E-03  4.68776E+04  4.50772E+04  1.08369E+02 -1.57697E+01  4.91663E+04
   12    5  4.09295E-03  3.61899E-03  4.15725E+04  4.26058E+04  7.94253E+02 -2.36921E+01  4.75746E+04
   12    6  5.49752E-03  5.07165E-03  4.21857E+04  3.83142E+04  1.83227E+03 -4.02436E+01  4.89522E+04
   12    7  7.00099E-03  6.56848E-03  4.73546E+04  3.56333E+04  4.27354E+03 -5.36954E+01  5.15577E+04
   12    8  1.00071E-02  9.20814E-03  5.11665E+04  2.84038E+04  4.67246E+03 -9.29344E+01  5.50689E+04
   13    1  4.43509E-04  3.86558E-04  4.36847E+04  4.21592E+04 -1.76383E+02  3.81036E+00  4.66158E+04
   13    2  1.37818E-03  1.36098E-03  3.99515E+04  4.06264E+04 -1.39566E+02 -1.25906E+01  4.60761E+04
   13    3  2.45373E-03  2.25046E-03  4.11428E+04  4.19236E+04  1.19825E+02 -2.10087E+01  4.37887E+04
   13    4  3.75226E-03  3.37422E-03  4.39870E+04  4.00762E+04  4.75710E+00 -3.10386E+01  4.66479E+04
   13    5  5.32940E-03  4.67736E-03  3.88278E+04  3.80158E+04  6.76009E+01 -3.68580E+01  4.93398E+04
   13    6  7.22093E-03  6.60608E-03  3.92879E+04  3.43270E+04  4.00634E+02 -5.43860E+01  4.99703E+04
   13    7  9.42141E-03  8.42093E-03  4.41433E+04  3.25442E+04  2.46386E+03 -6.78839E+01  4.99590E+04
   13    8  1.21175E-02  1.16482E-02  5.07038E+04  2.68623E+04  4.60058E+03 -1.01732E+02  5.40601E+04
   14    1  5.14360E-04  4.60402E-04  4.76497E+04  4.03800E+04  2.94128E+02 -5.96631E+00  4.11890E+04
   14    2  1.60969E-03  1.55528E-03  4.04017E+04  3.46520E+04 -2.47433E+01 -5.64586E+00  3.64316E+04
   14    3  2.90779E-03  2.72994E-03  4.09506E+04  3.51023E+04 -7.69573E+01 -1.60872E+01  3.98924E+04
   14    4  4.54264E-03  4.19353E-03  4.10935E+04  3.38670E+04 -1.99814E+02 -3.91563E+01  4.35857E+04
   14    5  6.60242E-03  6.03325E-03  3.75176E+04  3.23771E+04 -2.32133E+01 -5.13244E+01  4.77425E+04
   14    6  9.05707E-03  8.47844E-03  3.82889E+04  3.05712E+04  2.57432E+02 -7.20434E+01  4.85124E+04
   14    7  1.20112E-02  1.10293E-02  4.11617E+04  2.87759E+04  1.24054E+03 -9.21379E+01  4.75855E+04
   14    8  1.55704E-02  1.50906E-02  4.79308E+04  2.39965E+04  3.59649E+03 -1.21894E+02  5.14005E+04
   15    1  6.10249E-04  6.29271E-04  3.91333E+04  3.01170E+04 -3.07922E+02  3.70003E+00  2.92861E+04
   15    2  1.93159E-03  1.80684E-03  3.80887E+04  3.08549E+04 -5.49562E+01 -2.40381E+01  3.00867E+04
   15    3  3.56870E-03  3.44489E-03  3.61449E+04  2.84314E+04 -6.24221E+01 -3.68953E+01  3.56824E+04
   15    4  5.75756E-03  5.44616E-03  3.59257E+04  2.85259E+04 -4.85504E+01 -5.51006E+01  3.83808E+04
   15    5  8.69007E-03  8.06063E-03  3.54766E+04  2.73929E+04  5.92684E+01 -6.77785E+01  4.05336E+04
   15    6  1.23063E-02  1.11573E-02  3.68931E+04  2.62503E+04  1.50721E+02 -8.55268E+01  4.17670E+04
   15    7  1.61543E-02  1.45447E-02  3.96163E+04  2.48880E+04  9.69831E+02 -1.04476E+02  4.19316E+04
   15    8  2.05943E-02  2.00959E-02  4.33895E+04  2.05396E+04  2.18713E+03 -1.30829E+02  4.68036E+04
   16    1  6.49608E-04  6.82360E-04  4.15760E+04  2.03652E+04 -2.52970E+02 -2.18440E+01  2.18852E+04
   16    2  2.06691E-03  2.00496E-03  3.72558E+04  2.26143E+04 -1.20737E+02 -5.22520E+01  2.50967E+04
   16    3  3.87142E-03  4.03275E-03  3.27011E+04  2.18681E+04  6.19703E+01 -7.12836E+01  3.02050E+04
   16    4  6.42768E-03  6.53864E-03  3.18554E+04  2.19152E+04 -2.55907E+01 -7.23495E+01  3.06811E+04
   16    5  1.02053E-02  9.99661E-03  3.21309E+04  2.07260E+04 -6.08774E+01 -6.47537E+01  3.00205E+04
   16    6  1.55205E-02  1.45246E-02  3.30005E+04  1.94037E+04  1.70128E+02 -7.49945E+01  3.15091E+04
   16    7  2.16966E-02  1.96265E-02  3.59060E+04  1.81422E+04  9.82026E+02 -1.01633E+02  3.39074E+04
   16    8  2.67357E-02  2.56727E-02  3.84178E+04  1.60202E+04  1.07956E+03 -1.30811E+02  3.97477E+04
   17    1  6.90428E-04  7.47814E-04  4.41058E+04  1.56162E+04  1.56248E+02 -2.51738E+01  1.73929E+04
   17    2  2.17850E-03  2.15054E-03  3.71294E+04  1.74694E+04 -1.29664E+01 -4.79869E+01  2.00700E+04
   17    3  4.03988E-03  4.09731E-03  3.20279E+04  1.66822E+04 -8.18259E+01 -6.19753E+01  2.24426E+04
   17    4  6.68858E-03  6.73139E-03  3.05915E+04  1.61169E+04 -2.97633E+01 -5.96684E+01  2.12468E+04
   17    5  1.07133E-02  1.08274E-02  2.93528E+04  1.45718E+04 -1.91086E+01 -5.57688E+01  2.00637E+04
   17    6  1.66243E-02  1.67123E-02  2.90028E+04  1.31028E+04  1.57395E+02 -6.65492E+01  2.18293E+04
   17    7  2.39135E-02  2.33924E-02  3.27476E+04  1.23455E+04  9.35528E+02 -8.78568E+01  2.41360E+04
   17    8  2.96284E-02  3.07455E-02  3.25756E+04  1.09245E+04  4.95862E+02 -1.17553E+02  2.94683E+04
   18    1  9.45996E-04  9.53812E-04  3.67902E+04  1.25297E+04  4.84454E+01 -2.50149E+01  1.38477E+04
   18    2  2.86861E-03  2.73058E-03  3.06090E+04  1.39697E+04 -1.61885E+01 -3.55385E+01  1.52037E+04
   18    3  4.92744E-03  4.83228E-03  2.77365E+04  1.37086E+04  5.90544E+01 -4.30625E+01  1.52375E+04
   18    4  7.40498E-03  7.41589E-03  2.67087E+04  1.29288E+04  4.78447E+01 -4.03597E+01  1.28832E+04
   18    5  1.09764E-02  1.14425E-02  2.56052E+04  1.10920E+04 -9.11821E+01 -3.72521E+01  1.13105E+04
   18    6  1.66939E-02  1.75154E-02  2.53127E+04  9.38540E+03  1.86751E+02 -4.33888E+01  1.18675E+04
   18    7  2.46496E-02  2.50075E-02  2.89011E+04  8.22019E+03  7.31253E+02 -5.66919E+01  1.26105E+04
   18    8  3.13627E-02  3.17288E-02  2.83477E+04  7.42412E+03  2.48564E+02 -7.34710E+01  1.54153E+04
   19    1  1.42148E-03  1.44210E-03  2.13054E+04  1.12049E+04  8.44931E+00 -1.60240E+01  1.12532E+04
   19    2  4.26242E-03  4.15321E-03  1.98418E+04  1.17388E+04 -2.28661E+01 -2.09567E+01  1.13510E+04
   19    3  7.09606E-03  6.97529E-03  1.87826E+04  1.14058E+04  3.96294E+01 -2.58291E+01  1.10889E+04
   19    4  9.94495E-03  9.46261E-03  1.88017E+04  1.12630E+04 -4.15928E+00 -2.78487E+01  8.68540E+03
   19    5  1.30436E-02  1.31274E-02  1.93681E+04  9.89279E+03 -4.81741E+01 -2.64386E+01  6.36499E+03
   19    6  1.73332E-02  1.86462E-02  1.98371E+04  8.08512E+03  1.61664E+02 -2.61371E+01  4.98848E+03
   19    7  2.42161E-02  2.59596E-02  2.29574E+04  6.53064E+03  4.09748E+02 -3.04462E+01  4.34251E+03
   19    8  3.13623E-02  3.22521E-02  2.15662E+04  5.60360E+03  1.43725E+02 -4.75892E+01  5.72022E+03
   20    1  1.90395E-03  1.97010E-03  1.19925E+04  8.88957E+03 -1.69323E+01 -9.94243E+00  8.58744E+03
   20    2  5.69707E-03  5.58544E-03  1.19541E+04  9.15245E+03 -8.87696E+00 -1.29994E+01  8.60598E+03
   20    3  9.43343E-03  9.44322E-03  1.17728E+04  8.83103E+03 -1.79798E+01 -1.63484E+01  8.49231E+03
   20    4  1.30360E-02  1.22697E-02  1.17334E+04  9.04327E+03 -2.49090E+01 -1.96529E+01  6.95707E+03
   20    5  1.63966E-02  1.53238E-02  1.28276E+04  8.54434E+03  1.11246E+01 -2.06915E+01  4.57451E+03
   20    6  1.96040E-02  2.02537E-02  1.34530E+04  7.17749E+03  6.71144E+01 -1.98364E+01  2.88846E+03
   20    7  2.38251E-02  2.75382E-02  1.51626E+04  5.56803E+03  1.57089E+02 -2.03037E+01  2.10483E+03
   20    8  2.93733E-02  3.21389E-02  1.37227E+04  4.90731E+03  2.54079E+01 -3.38296E+01  2.84481E+03
   21    1  3.54022E-03  3.56634E-03  5.81725E+03  3.93837E+03  1.87664E+01 -1.00345E+01  3.99581E+03
   21    2  1.06742E-02  1.01544E-02  5.82435E+03  4.26477E+03 -5.16247E+00 -1.31502E+01  4.21965E+03
   21    3  1.79218E-02  1.78131E-02  5.98162E+03  4.09376E+03 -4.53365E+00 -1.61303E+01  3.98452E+03
   21    4  2.52048E-02  2.43190E-02  5.83481E+03  4.05416E+03 -3.43642E+00 -1.82678E+01  3.07431E+03
   21    5  3.22328E-02  3.07676E-02  6.21691E+03  3.77181E+03  5.39184E+00 -1.78441E+01  1.92782E+03
   21    6  3.84821E-02  3.45659E-02  6.52483E+03  3.59094E+03  8.97930E+00 -1.70651E+01  1.34651E+03
   21    7  4.33689E-02  4.87452E-02  7.09315E+03  2.61300E+03  3.89200E+01 -1.31809E+01  8.40544E+02
   21    8  4.65969E-02  4.66379E-02  6.49870E+03  2.78650E+03 -2.46764E+00 -2.25960E+01  1.26853E+03
