      21       8       0
  1.448085744186e+01  1.464885745674e+01  1.481685749450e+01  1.498485707191e+01
  1.515285683674e+01  1.532085636899e+01  1.548885658897e+01  1.565685683534e+01
  1.582485707253e+01  1.599285737347e+01  1.616085853068e+01  1.632885645380e+01
  1.649685772074e+01  1.666485718940e+01  1.683285748571e+01  1.700085905289e+01
  1.716885679161e+01  1.733685782140e+01  1.750485673056e+01  1.767285674783e+01
  1.784085730103e+01
  9.817477042468e-02  2.945243112740e-01  4.908738521234e-01  6.872233929728e-01
  8.835729338221e-01  1.079922474671e+00  1.276272015521e+00  1.472621556370e+00
    1    1  1.93699e-05  1.94852e-05  4.38278e+04  1.09456e+05  1.05047e+02 -1.61388e+02  1.20830e+05
    1    2  5.89558e-05  5.98436e-05  4.39030e+04  1.18668e+05  1.16562e+03 -2.30169e+01  1.29526e+05
    1    3  1.00900e-04  1.03134e-04  5.74119e+04  1.18826e+05  1.93982e+03 -2.83289e+01  1.37511e+05
    1    4  1.46060e-04  1.50454e-04  5.95181e+04  1.16928e+05  1.94696e+03  2.12907e+01  1.47817e+05
    1    5  1.93829e-04  2.00845e-04  6.29795e+04  1.15319e+05  2.87512e+03  4.16398e+01  1.65526e+05
    1    6  2.40973e-04  2.51184e-04  6.36094e+04  1.12186e+05  4.19291e+03  9.69985e+01  1.77898e+05
    1    7  2.80759e-04  2.92964e-04  6.86913e+04  1.09557e+05  5.30523e+03  1.59304e+02  1.77679e+05
    1    8  3.04129e-04  3.17596e-04  7.47655e+04  1.07157e+05  6.80365e+03  1.81552e+02  1.71488e+05
    2    1  1.01800e-05  1.02178e-05  6.44229e+04  7.20979e+04 -1.42236e+03 -2.05865e+02  8.83488e+04
    2    2  3.11778e-05  3.13912e-05  7.32202e+04  7.95199e+04  3.41422e+02 -1.29354e+02  8.55628e+04
    2    3  5.40085e-05  5.46037e-05  7.95643e+04  7.64024e+04  2.60804e+03 -1.35626e+02  7.29223e+04
    2    4  7.95074e-05  8.07616e-05  7.79329e+04  6.97713e+04  4.40370e+03 -8.13312e+01  7.38557e+04
    2    5  1.07547e-04  1.10220e-04  7.86932e+04  6.44855e+04  5.04452e+03 -6.14950e+01  7.88047e+04
    2    6  1.36129e-04  1.40045e-04  8.79892e+04  6.11012e+04  5.53195e+03 -1.80332e+01  7.87461e+04
    2    7  1.60774e-04  1.66826e-04  1.01665e+05  5.72028e+04  6.28218e+03  2.65597e+01  7.59859e+04
    2    8  1.75413e-04  1.82798e-04  1.11386e+05  5.60528e+04  7.41995e+03  5.45098e+01  7.67816e+04
    3    1  1.47202e-05  1.47783e-05  7.62649e+04  1.01798e+05  1.68552e+02 -2.20025e+02  9.85772e+04
    3    2  4.50159e-05  4.54883e-05  6.49436e+04  8.97310e+04  1.51819e+03 -1.14044e+02  7.78197e+04
    3    3  7.78291e-05  7.88902e-05  6.08246e+04  7.81814e+04  3.52611e+03 -1.36616e+02  6.26218e+04
    3    4  1.14527e-04  1.17144e-04  6.48838e+04  6.86418e+04  4.46568e+03 -7.24392e+01  7.01593e+04
    3    5  1.55442e-04  1.59610e-04  6.18838e+04  6.34445e+04  5.77365e+03 -6.57327e+01  7.21350e+04
    3    6  1.98333e-04  2.05519e-04  7.27349e+04  5.94276e+04  7.13292e+03 -5.39695e+01  6.45045e+04
    3    7  2.36626e-04  2.46349e-04  8.97368e+04  5.63481e+04  8.14892e+03 -3.43612e+01  5.91714e+04
    3    8  2.60030e-04  2.71654e-04  1.00044e+05  5.45663e+04  8.90942e+03 -3.80522e+01  6.76662e+04
    4    1  2.14982e-05  2.16005e-05  8.63995e+04  8.70829e+04  2.24784e+02 -1.74742e+02  9.29472e+04
    4    2  6.55372e-05  6.64050e-05  6.87452e+04  8.62202e+04  1.49498e+03 -1.61984e+02  8.10098e+04
    4    3  1.12910e-04  1.15297e-04  5.78368e+04  8.20715e+04  2.60605e+03 -1.51545e+02  7.86705e+04
    4    4  1.66357e-04  1.70960e-04  6.64804e+04  7.91723e+04  4.31167e+03 -1.58098e+01  8.35336e+04
    4    5  2.28550e-04  2.37324e-04  6.08185e+04  7.41443e+04  6.30866e+03  3.48831e+01  8.37594e+04
    4    6  2.99420e-04  3.14158e-04  6.27271e+04  6.64625e+04  8.30050e+03  1.32538e+01  6.90571e+04
    4    7  3.69837e-04  3.91933e-04  7.64370e+04  5.92297e+04  8.77278e+03 -1.09633e+01  6.23654e+04
    4    8  4.16983e-04  4.46189e-04  8.76209e+04  5.45760e+04  9.40668e+03 -4.85754e+01  7.76614e+04
    5    1  3.29683e-05  3.32024e-05  8.20451e+04  6.07043e+04 -1.21548e+02 -7.52726e+01  6.59061e+04
    5    2  9.91314e-05  1.00993e-04  7.73536e+04  6.50553e+04  7.32918e+02 -8.63169e+01  7.29333e+04
    5    3  1.66206e-04  1.71062e-04  6.33428e+04  6.41145e+04  9.91743e+02 -7.17117e+01  7.62226e+04
    5    4  2.35824e-04  2.44912e-04  6.79114e+04  6.27675e+04  2.78796e+03  1.38662e+01  7.00250e+04
    5    5  3.12385e-04  3.27789e-04  6.35142e+04  5.90012e+04  4.38606e+03  9.51857e+01  7.21460e+04
    5    6  4.06939e-04  4.32369e-04  6.45640e+04  5.42673e+04  8.16129e+03  9.54525e+01  7.14140e+04
    5    7  5.31307e-04  5.73123e-04  7.11715e+04  4.67403e+04  1.00683e+04  4.28054e+01  6.47830e+04
    5    8  6.45468e-04  7.09922e-04  8.15396e+04  3.99891e+04  1.01170e+04  8.94185e-01  7.75297e+04
    6    1  4.73984e-05  4.76717e-05  6.38674e+04  3.75766e+04  2.11074e+02 -4.17693e+01  4.07846e+04
    6    2  1.42413e-04  1.44896e-04  6.45119e+04  4.10951e+04  6.48307e+02 -1.29050e+01  4.68514e+04
    6    3  2.38054e-04  2.43466e-04  5.88307e+04  4.59790e+04  1.28545e+03  1.46845e+01  5.45327e+04
    6    4  3.35063e-04  3.47866e-04  6.10811e+04  4.82501e+04  2.81010e+03  4.24348e+01  5.76495e+04
    6    5  4.36222e-04  4.57722e-04  5.71262e+04  4.91177e+04  4.61317e+03  6.86179e+01  5.77302e+04
    6    6  5.54229e-04  5.90893e-04  6.31439e+04  4.75764e+04  6.74539e+03  6.97445e+01  7.28205e+04
    6    7  7.48698e-04  8.14839e-04  6.85116e+04  4.17884e+04  9.83770e+03  6.58339e+01  7.99606e+04
    6    8  1.04400e-03  1.17268e-03  7.53849e+04  3.34052e+04  1.09183e+04  8.91357e+00  7.94799e+04
    7    1  6.54702e-05  6.52928e-05  5.28331e+04  4.75373e+04  1.05511e+03 -3.26070e+01  4.75565e+04
    7    2  1.97273e-04  1.96523e-04  5.03579e+04  4.78018e+04  1.55778e+03 -1.23062e+01  4.86803e+04
    7    3  3.31167e-04  3.28194e-04  5.05011e+04  4.97519e+04  1.81703e+03  5.21162e+00  5.64915e+04
    7    4  4.67575e-04  4.68301e-04  5.47932e+04  5.32232e+04  1.97131e+03  1.19175e+01  6.41840e+04
    7    5  6.09934e-04  6.18547e-04  5.66298e+04  5.42489e+04  4.18005e+03  3.86459e+01  6.29809e+04
    7    6  7.81128e-04  8.01437e-04  6.13302e+04  5.25625e+04  6.68367e+03  5.20762e+01  6.10751e+04
    7    7  1.06768e-03  1.12820e-03  7.32684e+04  4.52034e+04  1.08796e+04 -3.64541e+00  7.40004e+04
    7    8  1.65673e-03  1.80631e-03  7.07024e+04  3.11783e+04  1.16813e+04 -2.82258e+01  6.65971e+04
    8    1  9.37806e-05  9.18714e-05  5.86576e+04  6.42079e+04  1.48369e+03 -1.28823e+01  6.45954e+04
    8    2  2.84512e-04  2.68957e-04  5.20041e+04  6.07664e+04  2.02200e+03  1.14420e+01  5.86010e+04
    8    3  4.83895e-04  4.44376e-04  5.40307e+04  5.95184e+04  2.16476e+03  3.24205e+01  6.94624e+04
    8    4  6.94864e-04  6.31140e-04  6.05571e+04  5.82699e+04  2.30782e+03  1.58321e+01  6.74885e+04
    8    5  9.17124e-04  8.60289e-04  5.89651e+04  5.38242e+04  2.82188e+03  1.88104e+01  6.53661e+04
    8    6  1.16508e-03  1.11724e-03  6.05687e+04  5.04169e+04  3.62278e+03  3.23899e+01  6.10196e+04
    8    7  1.60779e-03  1.56885e-03  6.68610e+04  4.26464e+04  8.07939e+03 -1.81172e+01  5.62267e+04
    8    8  2.58015e-03  2.56305e-03  7.21678e+04  3.00246e+04  1.23807e+04 -2.87018e+01  6.44427e+04
    9    1  1.27563e-04  1.24322e-04  5.47467e+04  5.62167e+04  1.62453e+03  3.45283e+01  5.52231e+04
    9    2  3.88682e-04  3.70037e-04  4.98712e+04  5.77223e+04  2.48511e+03  1.83371e+01  5.99502e+04
    9    3  6.66535e-04  6.04816e-04  5.46216e+04  5.84317e+04  2.69314e+03  2.64561e+01  5.95147e+04
    9    4  9.68687e-04  8.74118e-04  6.36324e+04  5.90467e+04  3.24800e+03  7.42006e+00  5.70489e+04
    9    5  1.30103e-03  1.20726e-03  6.06062e+04  5.40173e+04  3.05055e+03  8.20075e+00  5.37289e+04
    9    6  1.67663e-03  1.61752e-03  6.04216e+04  4.92206e+04  2.58184e+03  3.75393e+00  5.55666e+04
    9    7  2.24189e-03  2.18777e-03  6.21374e+04  4.31221e+04  4.99234e+03 -4.35798e+01  5.54803e+04
    9    8  3.98162e-03  3.91014e-03  6.25223e+04  2.79248e+04  9.32458e+03 -5.42232e+01  6.07952e+04
   10    1  1.81877e-04  1.81313e-04  5.30210e+04  5.03140e+04  1.03362e+02  4.57396e+01  5.39324e+04
   10    2  5.56746e-04  5.55569e-04  4.47649e+04  5.42032e+04  2.44555e+03 -2.57740e+01  5.87057e+04
   10    3  9.62999e-04  9.31596e-04  4.89039e+04  5.47920e+04  2.64069e+03  3.59038e+01  5.58329e+04
   10    4  1.41376e-03  1.35002e-03  5.80021e+04  5.37597e+04  2.71328e+03  6.61037e+00  5.49873e+04
   10    5  1.91043e-03  1.83053e-03  5.52266e+04  5.14823e+04  2.88963e+03 -5.58999e+00  5.34123e+04
   10    6  2.47117e-03  2.45126e-03  5.36493e+04  4.62869e+04  2.64791e+03  1.12851e+00  5.10183e+04
   10    7  3.27209e-03  3.35765e-03  5.54852e+04  4.03422e+04  3.74455e+03 -3.14363e+01  5.61301e+04
   10    8  5.59467e-03  5.48391e-03  5.51809e+04  2.84864e+04  6.23541e+03 -7.53752e+01  5.83293e+04
   11    1  2.61852e-04  2.60897e-04  4.40580e+04  4.24157e+04  3.66484e+01  6.22541e+01  4.51077e+04
   11    2  8.06660e-04  7.71770e-04  4.07309e+04  4.56000e+04  5.32242e+02  1.52605e+00  4.96144e+04
   11    3  1.41312e-03  1.32643e-03  4.38478e+04  4.72764e+04  1.17014e+03 -2.19737e+00  4.99451e+04
   11    4  2.11315e-03  2.00868e-03  5.01640e+04  4.53898e+04  1.38759e+03 -1.31828e+01  4.98994e+04
   11    5  2.91246e-03  2.73972e-03  4.85473e+04  4.48900e+04  1.88054e+03 -2.56594e+01  5.08876e+04
   11    6  3.77258e-03  3.61066e-03  4.90665e+04  4.33230e+04  2.69036e+03 -2.09094e+01  5.15463e+04
   11    7  4.85823e-03  5.09869e-03  4.79638e+04  3.62882e+04  2.95519e+03 -5.13617e+01  5.23928e+04
   11    8  7.45859e-03  7.22367e-03  5.07251e+04  2.93557e+04  4.57048e+03 -8.56728e+01  5.85548e+04
   12    1  3.49536e-04  3.51311e-04  3.97647e+04  3.98706e+04 -1.07179e+02  1.39735e+01  4.50331e+04
   12    2  1.07998e-03  1.06887e-03  3.90778e+04  4.56150e+04 -7.77832e+01  1.75073e+01  5.13372e+04
   12    3  1.90585e-03  1.83714e-03  3.98888e+04  4.66839e+04 -2.44090e+02 -1.19901e+01  4.98223e+04
   12    4  2.89237e-03  2.82125e-03  4.61843e+04  4.37249e+04  8.87280e+01 -9.09979e+00  5.05722e+04
   12    5  4.09295e-03  4.03271e-03  4.10264e+04  4.17051e+04  4.11097e+02 -2.56971e+01  5.01412e+04
   12    6  5.49752e-03  5.31154e-03  4.22982e+04  4.01929e+04  1.30957e+03 -3.81939e+01  5.20080e+04
   12    7  7.00099e-03  6.96133e-03  4.55017e+04  3.65579e+04  2.81251e+03 -4.89304e+01  5.27665e+04
   12    8  1.00071e-02  9.79507e-03  4.50015e+04  2.91321e+04  3.56470e+03 -9.26162e+01  5.68569e+04
   13    1  4.43509e-04  4.33972e-04  4.27550e+04  4.41601e+04 -5.25032e+02 -2.42932e+01  4.59075e+04
   13    2  1.37818e-03  1.35779e-03  4.02061e+04  4.34405e+04 -2.17012e+02 -7.62602e+00  4.49437e+04
   13    3  2.45373e-03  2.36037e-03  4.00791e+04  4.20899e+04  1.47107e+02 -2.16705e+01  4.56010e+04
   13    4  3.75226e-03  3.71663e-03  4.31050e+04  3.92175e+04  1.36382e+02 -3.61073e+01  4.75104e+04
   13    5  5.32940e-03  5.26737e-03  3.84486e+04  3.62017e+04  1.14376e+02 -3.37367e+01  4.72653e+04
   13    6  7.22093e-03  7.10277e-03  3.83828e+04  3.40426e+04  3.00375e+02 -4.69555e+01  5.02918e+04
   13    7  9.42141e-03  9.37651e-03  4.06228e+04  3.13298e+04  1.50785e+03 -6.28441e+01  5.20033e+04
   13    8  1.21175e-02  1.21038e-02  4.51617e+04  2.80719e+04  3.38967e+03 -9.96838e+01  5.70140e+04
   14    1  5.14360e-04  5.06966e-04  4.49256e+04  4.41292e+04  3.69721e+01  1.30415e+01  4.09368e+04
   14    2  1.60969e-03  1.58687e-03  4.11410e+04  3.76317e+04 -1.85084e+02 -1.09610e+01  3.44924e+04
   14    3  2.90779e-03  2.87998e-03  3.92339e+04  3.60068e+04 -2.48168e+02 -1.01779e+01  4.25416e+04
   14    4  4.54264e-03  4.48672e-03  4.17196e+04  3.43702e+04 -9.42956e+01 -3.42543e+01  4.49875e+04
   14    5  6.60242e-03  6.50349e-03  3.84716e+04  3.29231e+04  1.63654e+02 -5.45093e+01  4.62824e+04
   14    6  9.05707e-03  8.96241e-03  3.82642e+04  3.12033e+04  2.54306e+02 -7.08068e+01  4.85454e+04
   14    7  1.20112e-02  1.20414e-02  3.94690e+04  2.85134e+04  1.04573e+03 -8.97798e+01  5.02855e+04
   14    8  1.55704e-02  1.55316e-02  4.34327e+04  2.51042e+04  2.75601e+03 -1.17412e+02  5.36839e+04
   15    1  6.10249e-04  6.14353e-04  4.44691e+04  2.89473e+04 -6.21415e+02  2.07194e+01  3.01006e+04
   15    2  1.93159e-03  1.91398e-03  3.73092e+04  2.90753e+04  4.93974e+01 -1.80529e+01  3.09341e+04
   15    3  3.56870e-03  3.58910e-03  3.50883e+04  2.86838e+04  6.23945e+01 -3.75057e+01  3.81837e+04
   15    4  5.75756e-03  5.72568e-03  3.85134e+04  2.87382e+04 -1.50387e+02 -5.41609e+01  3.85131e+04
   15    5  8.69007e-03  8.53611e-03  3.68020e+04  2.71142e+04  1.32522e+02 -6.78746e+01  3.93509e+04
   15    6  1.23063e-02  1.20260e-02  3.61974e+04  2.55273e+04  2.67852e+01 -8.67114e+01  4.15025e+04
   15    7  1.61543e-02  1.59816e-02  3.82399e+04  2.39708e+04  9.18364e+02 -1.03668e+02  4.37157e+04
   15    8  2.05943e-02  2.05177e-02  3.97276e+04  2.11939e+04  1.46388e+03 -1.30065e+02  4.86515e+04
   16    1  6.49608e-04  6.53259e-04  4.64908e+04  1.39169e+04 -1.48533e+02 -4.93593e+00  1.98104e+04
   16    2  2.06691e-03  2.06795e-03  3.42123e+04  1.89701e+04 -1.73282e+02 -6.22763e+01  2.50434e+04
   16    3  3.87142e-03  3.90006e-03  3.34336e+04  1.99643e+04 -7.14578e+01 -7.00067e+01  2.68312e+04
   16    4  6.42768e-03  6.47560e-03  3.58688e+04  1.97222e+04  8.16858e+01 -7.57225e+01  2.68092e+04
   16    5  1.02053e-02  1.00525e-02  3.41437e+04  1.88482e+04  1.37491e+00 -5.76676e+01  2.74279e+04
   16    6  1.55205e-02  1.52722e-02  3.20766e+04  1.73146e+04  1.70463e+02 -6.25837e+01  3.15941e+04
   16    7  2.16966e-02  2.16929e-02  3.27393e+04  1.59511e+04  7.82167e+02 -9.98611e+01  3.49791e+04
   16    8  2.67357e-02  2.69551e-02  3.42256e+04  1.50750e+04  7.03099e+02 -1.25023e+02  3.92218e+04
   17    1  6.90428e-04  6.90245e-04  4.62309e+04  8.54429e+03 -4.30819e+02 -2.99885e+01  1.54362e+04
   17    2  2.17850e-03  2.18257e-03  3.19740e+04  1.46156e+04 -6.07207e+01 -7.83912e+01  2.21936e+04
   17    3  4.03988e-03  4.03829e-03  3.31624e+04  1.66056e+04  3.11098e+01 -4.59392e+01  2.39934e+04
   17    4  6.68858e-03  6.74101e-03  3.44174e+04  1.60724e+04  3.03037e+01 -6.79649e+01  2.20885e+04
   17    5  1.07133e-02  1.04836e-02  3.23262e+04  1.50024e+04 -4.59570e+01 -6.04620e+01  2.10253e+04
   17    6  1.66243e-02  1.66411e-02  2.94993e+04  1.31885e+04  1.46638e+02 -6.72615e+01  2.48971e+04
   17    7  2.39135e-02  2.41198e-02  3.12007e+04  1.24381e+04  7.78380e+02 -9.70233e+01  2.70452e+04
   17    8  2.96284e-02  2.98410e-02  3.13514e+04  1.17493e+04  3.54541e+02 -1.16168e+02  3.00153e+04
   18    1  9.45996e-04  9.45391e-04  3.06542e+04  4.58215e+03 -7.73097e+01 -3.71520e+01  1.06980e+04
   18    2  2.86861e-03  2.86107e-03  2.43464e+04  1.07141e+04  5.27697e+01 -6.38864e+01  1.62262e+04
   18    3  4.92744e-03  4.92281e-03  2.79715e+04  1.19751e+04 -4.25408e+01 -1.03778e+01  1.34853e+04
   18    4  7.40498e-03  7.29986e-03  3.17935e+04  1.14843e+04  2.98861e+01 -1.91065e+01  8.92007e+03
   18    5  1.09764e-02  1.11016e-02  2.90321e+04  9.39837e+03 -2.08934e+02 -1.88419e+01  7.52448e+03
   18    6  1.66939e-02  1.70398e-02  2.67085e+04  7.99897e+03  1.86478e+02 -2.58072e+01  9.18252e+03
   18    7  2.46496e-02  2.46987e-02  2.84145e+04  7.01367e+03  6.12832e+02 -5.88038e+01  1.24969e+04
   18    8  3.13627e-02  3.14216e-02  2.70142e+04  6.53346e+03  8.27233e+01 -7.15076e+01  1.88423e+04
   19    1  1.42148e-03  1.42202e-03  1.44885e+04  4.00858e+03 -4.69777e+01 -3.00728e+01  9.39196e+03
   19    2  4.26242e-03  4.24864e-03  1.41732e+04  9.24818e+03  6.06763e+01 -5.91240e+01  1.38647e+04
   19    3  7.09606e-03  7.04076e-03  1.67418e+04  1.07436e+04  5.19769e+01 -1.83564e+01  1.05259e+04
   19    4  9.94495e-03  9.73701e-03  2.11993e+04  1.00502e+04 -3.40197e+01 -1.38248e+01  5.56539e+03
   19    5  1.30436e-02  1.32595e-02  2.10243e+04  8.63724e+03 -2.25373e+01 -1.86187e+01  3.63537e+03
   19    6  1.73332e-02  1.75012e-02  2.14944e+04  7.43419e+03  9.30259e+01 -2.74670e+01  3.32405e+03
   19    7  2.42161e-02  2.42899e-02  2.28392e+04  6.04507e+03  3.92856e+02 -3.70389e+01  3.98590e+03
   19    8  3.13623e-02  3.16845e-02  2.07243e+04  5.01525e+03  9.24635e+01 -4.76534e+01  6.11084e+03
   20    1  1.90395e-03  1.90583e-03  6.28285e+03  1.43424e+04 -8.81070e+01 -8.48242e+01  1.32630e+04
   20    2  5.69707e-03  5.71890e-03  7.94646e+03  1.31518e+04 -4.38533e+01 -7.18772e+01  1.15407e+04
   20    3  9.43343e-03  9.37056e-03  8.63706e+03  1.21567e+04  1.74572e+01 -4.85846e+01  9.53770e+03
   20    4  1.30360e-02  1.29355e-02  1.23002e+04  1.09941e+04 -5.32177e+01 -2.88810e+01  4.42544e+03
   20    5  1.63966e-02  1.63241e-02  1.36063e+04  9.62144e+03 -1.33870e+01 -2.37946e+01  2.66186e+03
   20    6  1.96040e-02  2.02205e-02  1.41149e+04  8.31655e+03  8.30599e+01 -2.34905e+01  2.04604e+03
   20    7  2.38251e-02  2.37626e-02  1.63627e+04  7.30689e+03  2.18876e+02 -1.91316e+01  1.58854e+03
   20    8  2.93733e-02  2.94102e-02  1.40706e+04  6.04462e+03  1.31128e+01 -2.18649e+01  2.48542e+03
   21    1  3.54022e-03  3.53363e-03  3.44237e+03  9.00721e+03  9.50359e-01 -6.70051e+01  7.08619e+03
   21    2  1.06742e-02  1.06321e-02  4.62830e+03  7.07336e+03 -1.49523e+01 -5.61656e+01  5.24680e+03
   21    3  1.79218e-02  1.79865e-02  4.00919e+03  6.70903e+03 -1.17836e+01 -4.73568e+01  7.81926e+03
   21    4  2.52048e-02  2.49084e-02  4.98775e+03  6.44119e+03  2.79426e+01 -1.84484e+01  3.20391e+03
   21    5  3.22328e-02  3.24778e-02  5.31825e+03  5.47227e+03 -9.15221e+00 -9.55396e+00  1.52145e+03
   21    6  3.84821e-02  3.68364e-02  5.72146e+03  5.06130e+03  1.88919e+01 -9.83265e+00  1.04108e+03
   21    7  4.33689e-02  4.59710e-02  6.24271e+03  4.09875e+03  4.21768e+01 -6.85589e+00  6.49678e+02
   21    8  4.65969e-02  4.61238e-02  6.08696e+03  4.10333e+03 -4.06870e+00 -1.26507e+01  1.04634e+03
