      21       8       0
  1.448085744186e+01  1.464885745674e+01  1.481685749450e+01  1.498485707191e+01
  1.515285683674e+01  1.532085636899e+01  1.548885658897e+01  1.565685683534e+01
  1.582485707253e+01  1.599285737347e+01  1.616085853068e+01  1.632885645380e+01
  1.649685772074e+01  1.666485718940e+01  1.683285748571e+01  1.700085905289e+01
  1.716885679161e+01  1.733685782140e+01  1.750485673056e+01  1.767285674783e+01
  1.784085730103e+01
  9.817477042468e-02  2.945243112740e-01  4.908738521234e-01  6.872233929728e-01
  8.835729338221e-01  1.079922474671e+00  1.276272015521e+00  1.472621556370e+00
    1    1  1.93699e-05  1.94080e-05  7.72861e+04  1.19287e+05 -2.05261e+02 -1.85006e+02  1.33516e+05
    1    2  5.89558e-05  6.04809e-05  7.45165e+04  1.26059e+05  7.78100e+02 -4.27545e+01  1.35527e+05
    1    3  1.00900e-04  1.05280e-04  8.84651e+04  1.23037e+05  1.37540e+03 -6.71788e+01  1.39690e+05
    1    4  1.46060e-04  1.55101e-04  8.09793e+04  1.18737e+05  1.71121e+03 -7.63591e+00  1.55345e+05
    1    5  1.93829e-04  2.09215e-04  7.64337e+04  1.16683e+05  2.34985e+03  4.77125e+01  1.72134e+05
    1    6  2.40973e-04  2.61885e-04  7.35446e+04  1.13225e+05  3.83002e+03  1.27682e+02  1.74668e+05
    1    7  2.80759e-04  3.06312e-04  7.49757e+04  1.09409e+05  5.12194e+03  1.97721e+02  1.75402e+05
    1    8  3.04129e-04  3.31039e-04  7.65441e+04  1.06955e+05  7.18542e+03  2.18025e+02  1.76206e+05
    2    1  1.01800e-05  1.01353e-05  8.77711e+04  6.54394e+04 -1.81403e+03 -1.80664e+02  7.92424e+04
    2    2  3.11778e-05  3.12489e-05  8.36274e+04  7.45779e+04  6.31270e+02 -9.22212e+01  8.50121e+04
    2    3  5.40085e-05  5.49448e-05  9.78454e+04  7.04197e+04  2.13151e+03 -1.15683e+02  6.57835e+04
    2    4  7.95074e-05  8.15919e-05  9.90598e+04  6.31695e+04  4.32899e+03 -8.35507e+01  6.91478e+04
    2    5  1.07547e-04  1.13470e-04  9.36626e+04  5.78791e+04  4.66643e+03 -5.84476e+01  8.02934e+04
    2    6  1.36129e-04  1.45658e-04  1.02232e+05  5.51843e+04  5.48334e+03  1.09667e+01  7.73125e+04
    2    7  1.60774e-04  1.76274e-04  1.03479e+05  5.03684e+04  5.45999e+03  6.28780e+01  7.79070e+04
    2    8  1.75413e-04  1.96407e-04  1.09836e+05  4.80633e+04  6.41574e+03  9.82342e+01  8.27290e+04
    3    1  1.47202e-05  1.46670e-05  6.85066e+04  5.65923e+04  7.24303e+02 -1.38827e+02  6.57613e+04
    3    2  4.50159e-05  4.53557e-05  6.10670e+04  6.30585e+04  1.66673e+03 -7.48654e+01  7.41879e+04
    3    3  7.78291e-05  7.96846e-05  6.95827e+04  6.23941e+04  3.99494e+03 -1.10424e+02  5.66708e+04
    3    4  1.14527e-04  1.19209e-04  7.88427e+04  5.61214e+04  4.92135e+03 -8.52482e+01  6.11887e+04
    3    5  1.55442e-04  1.63028e-04  7.21922e+04  5.28112e+04  6.51311e+03 -6.40051e+01  7.15394e+04
    3    6  1.98333e-04  2.12503e-04  8.60982e+04  5.15658e+04  7.51402e+03 -1.88909e+01  7.63298e+04
    3    7  2.36626e-04  2.56425e-04  9.77498e+04  4.91768e+04  8.19138e+03 -1.96080e+01  7.19617e+04
    3    8  2.60030e-04  2.83697e-04  1.04214e+05  4.76192e+04  7.75151e+03 -4.60156e-01  7.22970e+04
    4    1  2.14982e-05  2.14883e-05  6.81717e+04  7.54959e+04  4.26914e+02 -1.64689e+02  8.68755e+04
    4    2  6.55372e-05  6.73563e-05  5.45289e+04  7.91411e+04  1.75691e+03 -1.60863e+02  7.75601e+04
    4    3  1.12910e-04  1.18010e-04  5.42869e+04  7.67381e+04  2.66965e+03 -1.48550e+02  6.89895e+04
    4    4  1.66357e-04  1.76039e-04  6.85882e+04  7.43471e+04  4.56136e+03 -5.67658e+01  6.83820e+04
    4    5  2.28550e-04  2.48124e-04  6.11120e+04  6.82627e+04  6.56993e+03 -6.40580e+00  6.62685e+04
    4    6  2.99420e-04  3.30779e-04  6.79902e+04  6.15189e+04  7.70110e+03  1.12390e+01  6.18076e+04
    4    7  3.69837e-04  4.18775e-04  8.25411e+04  5.54472e+04  8.88736e+03 -1.47772e+01  6.09589e+04
    4    8  4.16983e-04  4.80686e-04  8.80306e+04  5.10601e+04  8.54808e+03 -2.57091e+01  6.58931e+04
    5    1  3.29683e-05  3.31186e-05  7.80964e+04  7.10332e+04 -7.21325e+01 -1.02259e+02  7.78856e+04
    5    2  9.91314e-05  1.03230e-04  6.57649e+04  6.96187e+04  8.10818e+02 -1.01354e+02  7.35756e+04
    5    3  1.66206e-04  1.76754e-04  5.64691e+04  6.47294e+04  1.02223e+03 -6.49619e+01  7.52519e+04
    5    4  2.35824e-04  2.56693e-04  6.37371e+04  6.14704e+04  2.77758e+03  2.84588e+01  7.15738e+04
    5    5  3.12385e-04  3.44450e-04  5.84983e+04  5.78086e+04  4.91542e+03  8.16826e+01  7.15585e+04
    5    6  4.06939e-04  4.63061e-04  5.92757e+04  5.08754e+04  7.76963e+03  7.37711e+01  5.79130e+04
    5    7  5.31307e-04  6.19627e-04  6.98531e+04  4.35151e+04  9.02552e+03  3.70257e+01  5.82902e+04
    5    8  6.45468e-04  7.77852e-04  7.90603e+04  3.80724e+04  9.72182e+03 -1.91833e+01  7.36484e+04
    6    1  4.73984e-05  4.75276e-05  6.39855e+04  4.25013e+04  5.48660e+02 -6.06534e+01  4.71378e+04
    6    2  1.42413e-04  1.46402e-04  5.87078e+04  4.63855e+04  6.72448e+02 -2.93286e+01  5.13671e+04
    6    3  2.38054e-04  2.45498e-04  5.49047e+04  4.93219e+04  1.56042e+03  1.50133e+01  5.43556e+04
    6    4  3.35063e-04  3.61016e-04  5.78273e+04  4.87377e+04  3.22859e+03  4.72174e+01  5.81723e+04
    6    5  4.36222e-04  4.75940e-04  5.38045e+04  4.89361e+04  4.98868e+03  6.28041e+01  6.20478e+04
    6    6  5.54229e-04  6.19774e-04  6.02186e+04  4.73357e+04  8.02281e+03  6.83141e+01  7.62206e+04
    6    7  7.48698e-04  8.61028e-04  6.75618e+04  4.04012e+04  1.00032e+04  7.43718e+01  7.75875e+04
    6    8  1.04400e-03  1.25249e-03  7.16271e+04  3.14626e+04  1.04904e+04  5.51075e+00  8.09907e+04
    7    1  6.54702e-05  6.36128e-05  5.38804e+04  4.54522e+04  9.64362e+02 -3.31618e+01  5.05529e+04
    7    2  1.97273e-04  1.95223e-04  4.65482e+04  4.91274e+04  1.46941e+03 -3.11137e+01  5.28627e+04
    7    3  3.31167e-04  3.04599e-04  4.98361e+04  5.42553e+04  1.74483e+03  7.07579e+00  5.42078e+04
    7    4  4.67575e-04  4.51735e-04  5.41528e+04  5.39115e+04  1.87953e+03  1.02763e+01  6.20833e+04
    7    5  6.09934e-04  5.98316e-04  5.79147e+04  5.41321e+04  3.81446e+03  2.50431e+01  6.22976e+04
    7    6  7.81128e-04  7.83759e-04  6.33368e+04  5.22396e+04  6.54570e+03  5.25127e+01  5.91223e+04
    7    7  1.06768e-03  1.09757e-03  7.66570e+04  4.52712e+04  1.15872e+04  3.85764e+00  6.21735e+04
    7    8  1.65673e-03  1.74071e-03  7.54649e+04  3.15213e+04  1.27460e+04 -3.04952e+01  7.00831e+04
    8    1  9.37806e-05  8.66358e-05  5.82059e+04  5.97687e+04  1.49811e+03  3.98965e+00  6.26123e+04
    8    2  2.84512e-04  2.49185e-04  5.12100e+04  6.05879e+04  2.10786e+03  3.52327e+01  6.04112e+04
    8    3  4.83895e-04  3.91383e-04  5.54604e+04  6.28777e+04  2.35416e+03  3.09172e+01  7.07198e+04
    8    4  6.94864e-04  5.44980e-04  6.32688e+04  6.17198e+04  2.33884e+03  2.32119e+01  6.64609e+04
    8    5  9.17124e-04  8.06939e-04  6.29927e+04  5.24266e+04  2.80049e+03  2.11659e+01  6.13887e+04
    8    6  1.16508e-03  1.06474e-03  6.28457e+04  4.84509e+04  3.56534e+03  2.99461e+01  5.63193e+04
    8    7  1.60779e-03  1.49319e-03  6.89041e+04  4.14078e+04  7.84119e+03 -1.67424e+01  5.30411e+04
    8    8  2.58015e-03  2.44623e-03  7.83034e+04  2.94718e+04  1.29993e+04 -2.86356e+01  6.39230e+04
    9    1  1.27563e-04  1.15065e-04  5.86488e+04  5.66991e+04  1.43271e+03  3.00910e+01  6.10076e+04
    9    2  3.88682e-04  3.58868e-04  4.72197e+04  5.85293e+04  2.69318e+03  2.16905e+01  6.22309e+04
    9    3  6.66535e-04  5.65334e-04  5.34476e+04  6.17420e+04  3.20782e+03  2.66337e+01  6.00394e+04
    9    4  9.68687e-04  7.97641e-04  6.45188e+04  6.23286e+04  3.23485e+03  8.12768e+00  5.95998e+04
    9    5  1.30103e-03  1.19401e-03  6.02660e+04  5.27633e+04  3.05876e+03  6.23641e+00  5.37115e+04
    9    6  1.67663e-03  1.65444e-03  5.64047e+04  4.69535e+04  2.67934e+03  1.77090e-01  5.14709e+04
    9    7  2.24189e-03  2.17893e-03  6.11502e+04  4.22962e+04  4.81363e+03 -4.30951e+01  5.65076e+04
    9    8  3.98162e-03  3.94250e-03  6.31319e+04  2.70948e+04  8.61785e+03 -5.12484e+01  6.00903e+04
   10    1  1.81877e-04  1.79023e-04  5.46875e+04  5.18425e+04  2.84178e+02  5.13295e+01  5.78763e+04
   10    2  5.56746e-04  5.69625e-04  4.19209e+04  5.32441e+04  2.08417e+03 -2.29694e+01  5.81950e+04
   10    3  9.62999e-04  9.21489e-04  4.55581e+04  5.55109e+04  2.50097e+03  3.30605e+01  5.67411e+04
   10    4  1.41376e-03  1.31226e-03  5.65230e+04  5.48150e+04  2.86120e+03  4.04149e+00  5.64094e+04
   10    5  1.91043e-03  1.83325e-03  5.48729e+04  5.09632e+04  3.12160e+03 -7.45349e+00  5.36532e+04
   10    6  2.47117e-03  2.32785e-03  5.31693e+04  4.80139e+04  2.84984e+03  5.31680e+00  5.01509e+04
   10    7  3.27209e-03  3.39018e-03  5.47461e+04  3.90636e+04  3.92325e+03 -3.12230e+01  5.51914e+04
   10    8  5.59467e-03  5.43179e-03  5.55402e+04  2.79978e+04  5.61684e+03 -7.40007e+01  5.89490e+04
   11    1  2.61852e-04  2.61389e-04  4.27530e+04  4.11002e+04  9.86110e+01  6.29576e+01  4.16840e+04
   11    2  8.06660e-04  7.22817e-04  4.09866e+04  4.55179e+04  7.64713e+02 -7.30379e+00  4.67648e+04
   11    3  1.41312e-03  1.24079e-03  4.40009e+04  4.74349e+04  1.24245e+03 -6.18571e+00  5.11559e+04
   11    4  2.11315e-03  1.92045e-03  5.04279e+04  4.59901e+04  1.62222e+03 -1.51233e+01  5.10297e+04
   11    5  2.91246e-03  2.73776e-03  4.84851e+04  4.41072e+04  2.19891e+03 -2.54790e+01  5.22888e+04
   11    6  3.77258e-03  3.44754e-03  4.95420e+04  4.47431e+04  3.01268e+03 -1.75543e+01  5.42177e+04
   11    7  4.85823e-03  5.16433e-03  4.64950e+04  3.51254e+04  3.15553e+03 -4.89119e+01  4.95053e+04
   11    8  7.45859e-03  7.15570e-03  5.07490e+04  2.89338e+04  4.15957e+03 -8.56531e+01  6.01418e+04
   12    1  3.49536e-04  3.60323e-04  3.55443e+04  3.85108e+04  5.45218e+00  1.66541e+01  4.38466e+04
   12    2  1.07998e-03  1.06370e-03  3.78134e+04  4.57214e+04 -3.69154e+01  1.59569e+01  5.34000e+04
   12    3  1.90585e-03  1.77663e-03  4.00393e+04  4.77125e+04 -2.88077e+02 -1.40044e+01  5.01953e+04
   12    4  2.89237e-03  2.78263e-03  4.54892e+04  4.35754e+04  6.79650e+01 -1.10856e+01  5.13735e+04
   12    5  4.09295e-03  4.10172e-03  3.94215e+04  4.02638e+04  4.95007e+02 -2.52249e+01  5.06503e+04
   12    6  5.49752e-03  5.26588e-03  4.13836e+04  4.02635e+04  1.39748e+03 -3.84118e+01  5.29809e+04
   12    7  7.00099e-03  6.65982e-03  4.57466e+04  3.78509e+04  2.95210e+03 -4.77158e+01  5.18627e+04
   12    8  1.00071e-02  9.72629e-03  4.56264e+04  2.89748e+04  3.49873e+03 -9.34061e+01  5.71544e+04
   13    1  4.43509e-04  4.05347e-04  3.99150e+04  4.13128e+04 -3.77553e+02 -2.29720e+01  4.57840e+04
   13    2  1.37818e-03  1.34664e-03  3.88790e+04  4.20876e+04 -1.33277e+02 -6.79368e+00  4.84136e+04
   13    3  2.45373e-03  2.31411e-03  4.06626e+04  4.23758e+04  1.51350e+02 -2.19872e+01  4.48398e+04
   13    4  3.75226e-03  3.68556e-03  4.27404e+04  3.89939e+04  4.48879e+01 -3.77452e+01  4.76529e+04
   13    5  5.32940e-03  5.20780e-03  3.75858e+04  3.61050e+04  4.97396e+01 -3.42403e+01  4.76005e+04
   13    6  7.22093e-03  6.98500e-03  3.74167e+04  3.40057e+04  2.15839e+02 -4.83075e+01  4.98754e+04
   13    7  9.42141e-03  8.95648e-03  4.08259e+04  3.22147e+04  1.64586e+03 -6.15951e+01  5.21145e+04
   13    8  1.21175e-02  1.22009e-02  4.53158e+04  2.72961e+04  3.53689e+03 -9.95387e+01  5.68385e+04
   14    1  5.14360e-04  4.91458e-04  4.03420e+04  4.35463e+04 -1.60827e+02  1.72646e+01  4.05756e+04
   14    2  1.60969e-03  1.58419e-03  3.91009e+04  3.69529e+04  3.14795e+01 -1.51906e+01  3.58955e+04
   14    3  2.90779e-03  2.85518e-03  3.96705e+04  3.58012e+04 -1.35589e+02 -8.39071e+00  4.05471e+04
   14    4  4.54264e-03  4.44200e-03  4.10452e+04  3.41252e+04 -1.24730e+02 -3.40733e+01  4.46532e+04
   14    5  6.60242e-03  6.38507e-03  3.73721e+04  3.28526e+04  1.04984e+02 -5.39809e+01  4.69610e+04
   14    6  9.05707e-03  8.85218e-03  3.73935e+04  3.09608e+04  2.69412e+02 -7.10421e+01  4.80128e+04
   14    7  1.20112e-02  1.15265e-02  3.94498e+04  2.90375e+04  9.81432e+02 -8.91731e+01  4.96798e+04
   14    8  1.55704e-02  1.55434e-02  4.36461e+04  2.45983e+04  2.86399e+03 -1.17254e+02  5.31159e+04
   15    1  6.10249e-04  6.11850e-04  3.97072e+04  3.38109e+04 -4.92633e+02  3.41298e+01  3.17504e+04
   15    2  1.93159e-03  1.80778e-03  3.69729e+04  3.20748e+04  7.29130e+01 -3.67666e+01  2.97916e+04
   15    3  3.56870e-03  3.56036e-03  3.51704e+04  2.81828e+04 -1.31618e+02 -4.01695e+01  3.70637e+04
   15    4  5.75756e-03  5.64714e-03  3.69786e+04  2.85922e+04 -1.02049e+02 -5.31955e+01  3.79942e+04
   15    5  8.69007e-03  8.37763e-03  3.51894e+04  2.71756e+04  7.99799e+01 -6.85298e+01  3.92337e+04
   15    6  1.23063e-02  1.16954e-02  3.59411e+04  2.58412e+04  1.74906e+01 -8.77452e+01  4.10770e+04
   15    7  1.61543e-02  1.52422e-02  3.84163e+04  2.46261e+04  9.61838e+02 -1.03478e+02  4.28650e+04
   15    8  2.05943e-02  2.01331e-02  4.04805e+04  2.11482e+04  1.61352e+03 -1.29186e+02  4.81804e+04
   16    1  6.49608e-04  6.83358e-04  4.12985e+04  1.71665e+04  5.97237e+01  4.59899e+00  2.20574e+04
   16    2  2.06691e-03  2.06508e-03  3.25852e+04  2.15928e+04 -9.28180e+01 -8.32474e+01  2.53456e+04
   16    3  3.87142e-03  4.08253e-03  3.21150e+04  2.13621e+04  8.00316e+01 -8.12147e+01  2.66218e+04
   16    4  6.42768e-03  6.45290e-03  3.35181e+04  2.13337e+04  1.77252e+02 -7.44391e+01  2.67397e+04
   16    5  1.02053e-02  9.45578e-03  3.38509e+04  2.06419e+04  5.05049e+00 -5.51960e+01  2.77132e+04
   16    6  1.55205e-02  1.45921e-02  3.32389e+04  1.82727e+04  1.44318e+02 -6.83110e+01  3.37563e+04
   16    7  2.16966e-02  2.11907e-02  3.31155e+04  1.63442e+04  8.94828e+02 -1.07360e+02  3.76144e+04
   16    8  2.67357e-02  2.66465e-02  3.45483e+04  1.52581e+04  7.88509e+02 -1.29318e+02  4.08461e+04
   17    1  6.90428e-04  6.78601e-04  4.56006e+04  1.09880e+04 -2.89381e+02 -1.20331e+01  1.78353e+04
   17    2  2.17850e-03  2.16680e-03  3.43947e+04  1.67736e+04 -1.94419e+02 -7.87491e+01  2.46940e+04
   17    3  4.03988e-03  3.96250e-03  3.38263e+04  1.83106e+04  7.97604e+01 -4.84152e+01  2.54160e+04
   17    4  6.68858e-03  6.70184e-03  3.23835e+04  1.73918e+04 -9.09101e+00 -7.89086e+01  2.48641e+04
   17    5  1.07133e-02  9.58079e-03  3.47759e+04  1.75308e+04 -1.21331e+00 -5.74049e+01  2.24817e+04
   17    6  1.66243e-02  1.64764e-02  3.12659e+04  1.38744e+04  1.27640e+02 -7.06337e+01  2.74385e+04
   17    7  2.39135e-02  2.56313e-02  3.08582e+04  1.24720e+04  8.33572e+02 -1.09725e+02  3.03235e+04
   17    8  2.96284e-02  3.11971e-02  3.05802e+04  1.20291e+04  3.60082e+02 -1.23427e+02  3.24762e+04
   18    1  9.45996e-04  9.34127e-04  3.27442e+04  8.67792e+03  1.96339e+01 -4.26391e+00  1.27228e+04
   18    2  2.86861e-03  2.79066e-03  2.96546e+04  1.26048e+04  2.75373e+01 -3.70599e+01  1.69554e+04
   18    3  4.92744e-03  4.93183e-03  2.89111e+04  1.33482e+04  8.82215e+01  1.01723e+01  1.60688e+04
   18    4  7.40498e-03  7.07105e-03  3.12626e+04  1.31130e+04 -6.76952e+01 -1.08113e+01  9.96668e+03
   18    5  1.09764e-02  1.11157e-02  3.02240e+04  1.03476e+04 -1.57359e+02 -1.46407e+01  8.10773e+03
   18    6  1.66939e-02  1.79792e-02  2.75301e+04  8.29983e+03  1.84709e+02 -2.83445e+01  1.02106e+04
   18    7  2.46496e-02  2.50190e-02  3.04369e+04  7.63834e+03  6.78869e+02 -5.93623e+01  1.27164e+04
   18    8  3.13627e-02  3.02495e-02  2.94049e+04  7.30550e+03  1.17655e+02 -6.10914e+01  1.71907e+04
   19    1  1.42148e-03  1.41444e-03  1.71611e+04  6.98454e+03 -3.54853e+00  3.23656e+00  9.68728e+03
   19    2  4.26242e-03  4.15636e-03  1.91936e+04  9.66982e+03  4.71015e+01 -3.25817e+01  1.15894e+04
   19    3  7.09606e-03  6.64983e-03  2.06137e+04  1.04946e+04  4.02430e+01  1.24472e+01  9.29797e+03
   19    4  9.94495e-03  8.86515e-03  2.28578e+04  1.00005e+04  2.44128e+01  3.14751e+00  5.16921e+03
   19    5  1.30436e-02  1.38342e-02  2.14160e+04  7.56674e+03 -7.65847e+01 -1.11682e+01  3.59215e+03
   19    6  1.73332e-02  1.85983e-02  2.27494e+04  6.49668e+03  1.40373e+02 -2.29402e+01  3.36187e+03
   19    7  2.42161e-02  2.55704e-02  2.45927e+04  5.46206e+03  4.15641e+02 -3.34973e+01  3.98023e+03
   19    8  3.13623e-02  3.25421e-02  2.17378e+04  4.64026e+03  1.02837e+02 -4.30518e+01  5.85136e+03
   20    1  1.90395e-03  1.88365e-03  7.89399e+03  1.05174e+04 -3.34434e+01 -3.35018e+01  1.03989e+04
   20    2  5.69707e-03  5.67387e-03  1.03102e+04  1.02595e+04 -3.03024e+01 -4.45474e+01  9.31087e+03
   20    3  9.43343e-03  9.07678e-03  1.16167e+04  9.56751e+03  4.60349e+00 -5.04807e+00  6.19220e+03
   20    4  1.30360e-02  1.20655e-02  1.30176e+04  8.70356e+03 -4.50298e+01 -5.68669e+00  3.32722e+03
   20    5  1.63966e-02  1.62757e-02  1.36423e+04  7.17698e+03 -8.07748e+00 -1.22446e+01  2.22497e+03
   20    6  1.96040e-02  2.20190e-02  1.44748e+04  5.82974e+03  7.26319e+01 -1.78847e+01  1.85102e+03
   20    7  2.38251e-02  2.59242e-02  1.74483e+04  5.18592e+03  2.17582e+02 -1.38797e+01  1.36692e+03
   20    8  2.93733e-02  2.94445e-02  1.55305e+04  4.68748e+03  1.96831e+01 -1.67151e+01  2.21868e+03
   21    1  3.54022e-03  3.47826e-03  3.00296e+03  1.01178e+04 -5.76798e+00 -5.22355e+01  7.01077e+03
   21    2  1.06742e-02  1.03791e-02  5.59018e+03  6.98261e+03 -1.54076e+01 -4.03758e+01  3.32785e+03
   21    3  1.79218e-02  1.70539e-02  5.93251e+03  5.61853e+03 -3.99125e+00 -1.86600e+01  3.27096e+03
   21    4  2.52048e-02  2.37917e-02  5.88718e+03  4.81337e+03  1.45509e+01 -3.44045e+00  1.47865e+03
   21    5  3.22328e-02  3.09188e-02  5.92754e+03  4.01567e+03  3.98364e+00 -2.84651e-01  7.97206e+02
   21    6  3.84821e-02  3.62927e-02  6.25575e+03  3.54405e+03  1.21048e+01 -4.86244e+00  6.52007e+02
   21    7  4.33689e-02  5.05759e-02  6.89354e+03  2.55382e+03  4.41101e+01 -3.32708e+00  3.55645e+02
   21    8  4.65969e-02  4.64452e-02  6.23062e+03  2.78695e+03 -6.29656e-01 -7.71357e+00  7.92163e+02
