      21       8       0
  1.448085744186E+01  1.464885745674E+01  1.481685749450E+01  1.498485707191E+01
  1.515285683674E+01  1.532085636899E+01  1.548885658897E+01  1.565685683534E+01
  1.582485707253E+01  1.599285737347E+01  1.616085853068E+01  1.632885645380E+01
  1.649685772074E+01  1.666485718940E+01  1.683285748571E+01  1.700085905289E+01
  1.716885679161E+01  1.733685782140E+01  1.750485673056E+01  1.767285674783E+01
  1.784085730103E+01
  9.817477042468E-02  2.945243112740E-01  4.908738521234E-01  6.872233929728E-01
  8.835729338221E-01  1.079922474671E+00  1.276272015521E+00  1.472621556370E+00
    1    1  1.93699E-05  1.96283E-05  3.47765E+04  1.21940E+05  1.19729E+03  7.94664E+01  1.23802E+05
    1    2  5.89558E-05  5.78505E-05  4.49782E+04  1.25524E+05  2.83974E+03  7.99612E+01  1.31151E+05
    1    3  1.00900E-04  9.99416E-05  6.12421E+04  1.21803E+05  5.73230E+03  9.17701E+01  1.35695E+05
    1    4  1.46060E-04  1.42770E-04  7.91929E+04  1.21238E+05  9.62622E+03  9.11462E+01  1.44339E+05
    1    5  1.93829E-04  1.89197E-04  9.98390E+04  1.17930E+05  1.54686E+04  7.13924E+01  1.49733E+05
    1    6  2.40973E-04  2.33378E-04  1.25221E+05  1.14569E+05  2.20494E+04  4.18182E+01  1.51503E+05
    1    7  2.80759E-04  2.70888E-04  1.53438E+05  1.12166E+05  2.91526E+04  5.15907E+00  1.53701E+05
    1    8  3.04129E-04  3.00738E-04  1.84662E+05  1.07739E+05  3.47279E+04 -4.47759E+01  1.58473E+05
    2    1  1.01800E-05  1.01810E-05  4.67845E+04  9.77171E+04  2.07142E+03  4.84253E+01  1.00776E+05
    2    2  3.11778E-05  3.11114E-05  5.68238E+04  9.77886E+04  3.59066E+03  4.32883E+01  9.91435E+04
    2    3  5.40085E-05  5.49114E-05  6.88268E+04  8.86376E+04  5.68578E+03  3.47616E+01  8.34381E+04
    2    4  7.95074E-05  8.04844E-05  8.20963E+04  8.08854E+04  7.70456E+03  2.57718E+01  7.80617E+04
    2    5  1.07547E-04  1.10507E-04  9.39009E+04  7.14857E+04  1.05165E+04  5.43879E-01  7.13367E+04
    2    6  1.36129E-04  1.39955E-04  1.09718E+05  6.43525E+04  1.37435E+04 -2.52927E+01  6.44568E+04
    2    7  1.60774E-04  1.65391E-04  1.28280E+05  6.00239E+04  1.61771E+04 -5.40293E+01  6.54058E+04
    2    8  1.75413E-04  1.80289E-04  1.52799E+05  5.73515E+04  1.78792E+04 -9.12123E+01  7.22052E+04
    3    1  1.47202E-05  1.48743E-05  5.48083E+04  8.78202E+04  1.01767E+03  9.68723E+00  9.43402E+04
    3    2  4.50159E-05  4.42783E-05  5.64276E+04  9.02988E+04  3.35720E+03  1.11853E+01  9.05723E+04
    3    3  7.78291E-05  7.76908E-05  6.54879E+04  8.51494E+04  4.98608E+03  1.74749E+01  8.38948E+04
    3    4  1.14527E-04  1.12423E-04  7.99618E+04  7.87622E+04  7.76511E+03  1.93662E+01  7.61506E+04
    3    5  1.55442E-04  1.53225E-04  8.62966E+04  7.00148E+04  1.11344E+04 -1.26606E+00  6.60783E+04
    3    6  1.98333E-04  1.95155E-04  1.00983E+05  6.17321E+04  1.43201E+04 -3.11658E+01  5.90769E+04
    3    7  2.36626E-04  2.34268E-04  1.16924E+05  5.47242E+04  1.62467E+04 -5.95546E+01  5.79921E+04
    3    8  2.60030E-04  2.61002E-04  1.34821E+05  5.10034E+04  1.68067E+04 -9.29594E+01  6.14255E+04
    4    1  2.14982E-05  2.16485E-05  5.92990E+04  8.41540E+04  3.54729E+02  1.09345E+01  9.24621E+04
    4    2  6.55372E-05  6.52235E-05  5.95371E+04  8.62958E+04  2.82946E+03  2.04034E+01  8.62881E+04
    4    3  1.12910E-04  1.14922E-04  6.10989E+04  8.11423E+04  5.00965E+03  5.23562E+01  8.51091E+04
    4    4  1.66357E-04  1.66828E-04  7.41781E+04  7.53285E+04  7.33051E+03  7.15898E+01  7.97273E+04
    4    5  2.28550E-04  2.27444E-04  7.51392E+04  6.72781E+04  1.04789E+04  5.23908E+01  6.73603E+04
    4    6  2.99420E-04  3.00324E-04  8.53543E+04  5.76136E+04  1.31500E+04  1.85403E+01  5.94703E+04
    4    7  3.69837E-04  3.65564E-04  9.96299E+04  5.13991E+04  1.55441E+04 -9.19655E+00  5.84019E+04
    4    8  4.16983E-04  4.21593E-04  1.13306E+05  4.64873E+04  1.61709E+04 -3.63579E+01  6.34875E+04
    5    1  3.29683E-05  3.33334E-05  5.99343E+04  7.71861E+04  9.40926E+02  5.47963E+00  8.41606E+04
    5    2  9.91314E-05  9.88658E-05  5.87143E+04  7.99181E+04  2.67003E+03  2.33759E+01  8.01962E+04
    5    3  1.66206E-04  1.61029E-04  5.86514E+04  7.83745E+04  5.10785E+03  6.21202E+01  7.85051E+04
    5    4  2.35824E-04  2.40007E-04  6.94763E+04  7.15597E+04  7.64970E+03  9.76568E+01  7.35225E+04
    5    5  3.12385E-04  3.12220E-04  7.38113E+04  6.76694E+04  1.11877E+04  9.22116E+01  6.61453E+04
    5    6  4.06939E-04  4.13652E-04  8.11126E+04  5.76708E+04  1.39303E+04  6.78487E+01  6.04321E+04
    5    7  5.31307E-04  5.33409E-04  9.43034E+04  4.91059E+04  1.54888E+04  4.03312E+01  5.72300E+04
    5    8  6.45468E-04  6.63360E-04  1.02720E+05  4.21274E+04  1.64315E+04  2.84773E+01  7.09233E+04
    6    1  4.73984E-05  4.77906E-05  5.54688E+04  6.73069E+04  8.57029E+02 -1.72912E+01  6.94281E+04
    6    2  1.42413E-04  1.43637E-04  5.37390E+04  6.73120E+04  2.22618E+03 -5.17600E+00  6.63163E+04
    6    3  2.38054E-04  2.29519E-04  5.38363E+04  6.89147E+04  4.38078E+03  2.02254E+01  6.33851E+04
    6    4  3.35063E-04  3.30870E-04  6.23980E+04  6.46799E+04  6.69722E+03  6.73854E+01  5.51646E+04
    6    5  4.36222E-04  4.29941E-04  6.92161E+04  6.18257E+04  1.02179E+04  8.43264E+01  5.40813E+04
    6    6  5.54229E-04  5.71994E-04  7.73107E+04  5.57503E+04  1.37843E+04  7.78202E+01  6.00307E+04
    6    7  7.48698E-04  7.62570E-04  9.27872E+04  4.74495E+04  1.61323E+04  6.37256E+01  5.66830E+04
    6    8  1.04400E-03  1.06537E-03  9.44512E+04  3.67302E+04  1.55297E+04  6.03930E+01  7.21082E+04
    7    1  6.54702E-05  6.54576E-05  4.98683E+04  6.14834E+04  9.29963E+02 -9.58123E+00  6.42456E+04
    7    2  1.97273E-04  1.97309E-04  4.84889E+04  6.18428E+04  1.66054E+03 -1.08094E+00  5.73587E+04
    7    3  3.31167E-04  3.17988E-04  4.76287E+04  6.22235E+04  2.74279E+03 -5.29661E+00  5.84850E+04
    7    4  4.67575E-04  4.49463E-04  5.45332E+04  6.12221E+04  4.05602E+03  2.16320E+01  5.11286E+04
    7    5  6.09934E-04  5.93562E-04  6.06385E+04  5.81821E+04  6.19827E+03  4.55481E+01  4.45599E+04
    7    6  7.81128E-04  7.67639E-04  7.00890E+04  5.50655E+04  1.08519E+04  5.22943E+01  4.66192E+04
    7    7  1.06768E-03  1.06281E-03  9.15442E+04  4.77556E+04  1.62299E+04  1.57821E+01  5.32214E+04
    7    8  1.65673E-03  1.56771E-03  9.48480E+04  3.54172E+04  1.62492E+04 -1.12418E+01  6.56264E+04
    8    1  9.37806E-05  9.11268E-05  4.81841E+04  6.12389E+04  1.40449E+03  4.12481E+01  5.96636E+04
    8    2  2.84512E-04  2.64467E-04  4.57273E+04  5.88071E+04  1.88753E+03  4.58841E+01  5.30802E+04
    8    3  4.83895E-04  4.41447E-04  4.56325E+04  5.87279E+04  2.50535E+03  4.03208E+01  6.20833E+04
    8    4  6.94864E-04  6.45707E-04  4.97673E+04  5.65230E+04  2.73073E+03  2.23063E+01  6.09872E+04
    8    5  9.17124E-04  8.67426E-04  5.45807E+04  5.42423E+04  3.44717E+03  2.31188E+01  5.51125E+04
    8    6  1.16508E-03  1.07218E-03  6.22696E+04  5.34448E+04  6.28840E+03  2.05433E+01  5.10715E+04
    8    7  1.60779E-03  1.48481E-03  7.91396E+04  4.54671E+04  1.17647E+04 -2.38746E+01  4.80866E+04
    8    8  2.58015E-03  2.41128E-03  8.92236E+04  3.23022E+04  1.52641E+04 -1.75281E+01  5.84202E+04
    9    1  1.27563E-04  1.23353E-04  5.00491E+04  5.79920E+04  7.55154E+02  2.53064E+01  5.47494E+04
    9    2  3.88682E-04  3.55485E-04  4.37555E+04  5.65858E+04  2.18022E+03 -5.73730E+00  5.35210E+04
    9    3  6.66535E-04  5.57484E-04  4.81451E+04  5.87625E+04  2.71286E+03  2.85849E+01  6.16941E+04
    9    4  9.68687E-04  8.01489E-04  5.54940E+04  5.82238E+04  2.95820E+03  9.95605E+00  6.21164E+04
    9    5  1.30103E-03  1.17093E-03  5.72879E+04  5.25002E+04  2.98751E+03 -1.45715E+00  5.75846E+04
    9    6  1.67663E-03  1.51192E-03  6.03202E+04  5.06169E+04  4.46611E+03  6.41357E-01  5.51529E+04
    9    7  2.24189E-03  2.07480E-03  6.91373E+04  4.37175E+04  8.01566E+03 -3.87495E+01  5.05685E+04
    9    8  3.98162E-03  3.82929E-03  7.33960E+04  2.78180E+04  1.10132E+04 -5.80368E+01  5.94257E+04
   10    1  1.81877E-04  1.78200E-04  4.38019E+04  4.58248E+04  2.10802E+02  4.66837E+01  5.32902E+04
   10    2  5.56746E-04  5.90343E-04  3.43927E+04  4.96647E+04  1.41380E+03 -2.33492E+01  5.60326E+04
   10    3  9.62999E-04  8.61631E-04  4.29320E+04  5.93303E+04  2.64632E+03  1.18891E-01  6.19959E+04
   10    4  1.41376E-03  1.14957E-03  5.60516E+04  6.20091E+04  3.48335E+03  3.70190E-01  6.06040E+04
   10    5  1.91043E-03  1.63360E-03  5.66393E+04  5.43830E+04  3.28422E+03 -1.62054E+01  5.42203E+04
   10    6  2.47117E-03  2.23914E-03  5.51602E+04  4.78608E+04  4.02195E+03 -1.04306E+01  5.21267E+04
   10    7  3.27209E-03  3.23507E-03  5.79059E+04  3.93198E+04  5.91368E+03 -1.94715E+01  5.12147E+04
   10    8  5.59467E-03  5.21626E-03  6.42820E+04  2.79419E+04  7.98727E+03 -7.59937E+01  5.69386E+04
   11    1  2.61852E-04  2.53359E-04  3.65422E+04  4.31347E+04 -1.68981E+02  6.07465E+01  4.69726E+04
   11    2  8.06660E-04  7.25745E-04  3.47494E+04  4.90846E+04  5.40677E+02 -3.10028E+01  5.28080E+04
   11    3  1.41312E-03  1.21756E-03  4.07000E+04  5.17193E+04  7.63811E+02 -2.51636E+01  5.68313E+04
   11    4  2.11315E-03  1.73505E-03  5.23623E+04  5.24431E+04  1.47630E+03 -9.55588E+00  5.27669E+04
   11    5  2.91246E-03  2.43665E-03  4.96415E+04  4.89649E+04  2.47274E+03 -1.87047E+01  5.13386E+04
   11    6  3.77258E-03  3.43600E-03  4.82145E+04  4.39342E+04  3.54031E+03 -3.00856E+01  5.27553E+04
   11    7  4.85823E-03  4.87835E-03  4.87076E+04  3.67300E+04  4.57531E+03 -4.93544E+01  5.01310E+04
   11    8  7.45859E-03  7.07338E-03  5.49242E+04  2.87563E+04  5.53325E+03 -8.96324E+01  5.93054E+04
   12    1  3.49536E-04  3.63650E-04  3.09718E+04  4.34101E+04  5.80999E+01  5.45867E+01  4.63392E+04
   12    2  1.07998E-03  9.87297E-04  3.53552E+04  5.16256E+04  3.37817E+02 -1.40781E+01  5.41462E+04
   12    3  1.90585E-03  1.69362E-03  3.79252E+04  5.13594E+04 -3.65301E+02 -1.91699E+01  5.27327E+04
   12    4  2.89237E-03  2.65607E-03  4.53182E+04  4.80990E+04  2.77744E+02 -1.87474E+01  5.18566E+04
   12    5  4.09295E-03  3.65871E-03  3.95345E+04  4.59604E+04  6.92593E+02 -2.52214E+01  5.00988E+04
   12    6  5.49752E-03  5.13285E-03  3.98111E+04  4.12526E+04  1.53196E+03 -4.00347E+01  5.13656E+04
   12    7  7.00099E-03  6.49023E-03  4.51674E+04  3.89613E+04  4.14748E+03 -5.06225E+01  5.12565E+04
   12    8  1.00071E-02  9.21043E-03  4.94834E+04  3.04622E+04  4.56617E+03 -8.91709E+01  5.56298E+04
   13    1  4.43509E-04  3.94637E-04  4.22723E+04  4.91389E+04 -2.93787E+02  9.45095E+00  5.31995E+04
   13    2  1.37818E-03  1.36920E-03  3.70087E+04  4.51717E+04 -2.69073E+02 -1.66619E+01  5.10787E+04
   13    3  2.45373E-03  2.25840E-03  3.91826E+04  4.59777E+04 -1.02440E+02 -2.60557E+01  4.75685E+04
   13    4  3.75226E-03  3.52698E-03  4.22832E+04  4.15388E+04  5.62222E+01 -3.79334E+01  4.87280E+04
   13    5  5.32940E-03  4.66972E-03  3.78362E+04  4.08186E+04 -1.31973E+01 -3.65807E+01  5.16221E+04
   13    6  7.22093E-03  6.51511E-03  3.85470E+04  3.69775E+04  3.93734E+02 -5.32915E+01  5.28094E+04
   13    7  9.42141E-03  8.24088E-03  4.23670E+04  3.50619E+04  2.24788E+03 -6.83943E+01  5.24759E+04
   13    8  1.21175E-02  1.13355E-02  4.81860E+04  2.89009E+04  4.43765E+03 -9.46735E+01  5.57325E+04
   14    1  5.14360E-04  4.73241E-04  4.66731E+04  4.63801E+04 -8.04373E+01 -4.64270E+00  4.52683E+04
   14    2  1.60969E-03  1.53925E-03  3.89157E+04  3.94756E+04 -2.32298E+02 -8.74088E+00  3.72859E+04
   14    3  2.90779E-03  2.74878E-03  3.90340E+04  3.76115E+04 -2.45513E+02 -1.35913E+01  4.27351E+04
   14    4  4.54264E-03  4.28973E-03  3.93428E+04  3.60235E+04  1.01604E+02 -4.07710E+01  4.71221E+04
   14    5  6.60242E-03  6.05939E-03  3.75504E+04  3.52000E+04  1.94919E+01 -5.14440E+01  5.06260E+04
   14    6  9.05707E-03  8.41103E-03  3.76341E+04  3.32067E+04  3.26651E+02 -6.90701E+01  5.12386E+04
   14    7  1.20112E-02  1.11085E-02  3.92452E+04  3.07271E+04  1.18682E+03 -9.13575E+01  5.13153E+04
   14    8  1.55704E-02  1.48188E-02  4.41275E+04  2.60733E+04  3.25736E+03 -1.13383E+02  5.44677E+04
   15    1  6.10249E-04  6.42418E-04  4.05533E+04  3.16199E+04 -5.45732E+02  1.96905E+01  3.15443E+04
   15    2  1.93159E-03  1.77719E-03  3.60352E+04  3.42416E+04 -1.51945E+02 -2.97317E+01  3.13968E+04
   15    3  3.56870E-03  3.42752E-03  3.47447E+04  3.03363E+04 -7.29261E+01 -4.53016E+01  3.77368E+04
   15    4  5.75756E-03  5.39099E-03  3.67038E+04  3.06233E+04 -7.70059E+01 -5.76031E+01  4.01815E+04
   15    5  8.69007E-03  7.98663E-03  3.60424E+04  2.92850E+04  1.31688E+01 -7.00333E+01  4.27146E+04
   15    6  1.23063E-02  1.09826E-02  3.65393E+04  2.82524E+04  1.07860E+02 -8.58310E+01  4.48263E+04
   15    7  1.61543E-02  1.45352E-02  3.86830E+04  2.65389E+04  1.09791E+03 -1.02393E+02  4.59481E+04
   15    8  2.05943E-02  1.92097E-02  4.04589E+04  2.27400E+04  1.96836E+03 -1.21676E+02  5.01951E+04
   16    1  6.49608E-04  6.69452E-04  4.33266E+04  1.74301E+04  1.68924E+02 -3.82286E+01  2.36751E+04
   16    2  2.06691E-03  2.13548E-03  3.16191E+04  2.27709E+04 -1.72530E+02 -8.39596E+01  2.84941E+04
   16    3  3.87142E-03  4.35118E-03  2.91329E+04  2.26705E+04  1.47393E+02 -1.02138E+02  3.19949E+04
   16    4  6.42768E-03  6.79727E-03  3.07771E+04  2.36859E+04 -1.27064E+01 -7.56696E+01  3.10691E+04
   16    5  1.02053E-02  1.00398E-02  3.23946E+04  2.27162E+04 -1.51303E+02 -4.82827E+01  3.00346E+04
   16    6  1.55205E-02  1.42759E-02  3.33584E+04  2.11644E+04  2.03146E+02 -5.97540E+01  3.41851E+04
   16    7  2.16966E-02  2.02980E-02  3.42938E+04  1.87841E+04  8.73396E+02 -1.04654E+02  3.96602E+04
   16    8  2.67357E-02  2.58796E-02  3.42602E+04  1.71606E+04  9.37281E+02 -1.33313E+02  4.64660E+04
   17    1  6.90428E-04  7.15373E-04  4.44128E+04  1.06353E+04 -2.15457E+01 -5.09033E+01  1.68882E+04
   17    2  2.17850E-03  2.17016E-03  3.41408E+04  1.67299E+04  2.50162E+02 -9.02689E+01  2.35508E+04
   17    3  4.03988E-03  4.11644E-03  2.98438E+04  1.73594E+04  5.23663E+01 -1.01028E+02  2.52397E+04
   17    4  6.68858E-03  6.68399E-03  3.00730E+04  1.73107E+04 -8.05658E+01 -5.92139E+01  2.32183E+04
   17    5  1.07133E-02  1.04111E-02  3.05429E+04  1.58882E+04 -8.11105E+01 -3.77149E+01  2.16880E+04
   17    6  1.66243E-02  1.67015E-02  2.92936E+04  1.37693E+04  1.84954E+02 -7.09547E+01  2.75177E+04
   17    7  2.39135E-02  2.61735E-02  2.98034E+04  1.22147E+04  7.51898E+02 -1.11998E+02  3.27049E+04
   17    8  2.96284E-02  3.23573E-02  2.81885E+04  1.18811E+04  4.18155E+02 -1.27678E+02  3.66433E+04
   18    1  9.45996E-04  9.59066E-04  3.42886E+04  1.03112E+04  6.43277E+01 -3.56742E+01  1.49598E+04
   18    2  2.86861E-03  2.82255E-03  2.74691E+04  1.45831E+04  1.48601E+01 -5.65090E+01  1.94357E+04
   18    3  4.92744E-03  4.91441E-03  2.53833E+04  1.56556E+04  1.52108E+01 -6.86537E+01  1.91449E+04
   18    4  7.40498E-03  7.12694E-03  2.69276E+04  1.55742E+04 -2.26113E+01 -5.41862E+01  1.41951E+04
   18    5  1.09764E-02  1.08502E-02  2.73718E+04  1.29666E+04 -7.70165E+01 -4.19298E+01  1.07293E+04
   18    6  1.66939E-02  1.79039E-02  2.53082E+04  9.92993E+03  1.93744E+02 -5.57785E+01  1.38832E+04
   18    7  2.46496E-02  2.72262E-02  2.72624E+04  8.51901E+03  6.86048E+02 -7.51863E+01  1.72448E+04
   18    8  3.13627E-02  3.28066E-02  2.52998E+04  8.27005E+03  1.92903E+02 -6.35107E+01  2.26905E+04
   19    1  1.42148E-03  1.42296E-03  1.98653E+04  1.38814E+04  3.89559E+01 -2.14625E+01  1.44388E+04
   19    2  4.26242E-03  4.20997E-03  1.92679E+04  1.46979E+04  8.99876E+00 -2.88572E+01  1.49031E+04
   19    3  7.09606E-03  7.08408E-03  1.85729E+04  1.43506E+04  4.86716E+00 -3.70044E+01  1.43988E+04
   19    4  9.94495E-03  9.49945E-03  1.88188E+04  1.42880E+04 -2.10982E+01 -3.45152E+01  1.06940E+04
   19    5  1.30436E-02  1.30462E-02  2.02428E+04  1.23415E+04 -8.23642E+01 -3.02628E+01  6.87505E+03
   19    6  1.73332E-02  1.84661E-02  2.09451E+04  9.95450E+03  1.60511E+02 -2.97216E+01  5.45280E+03
   19    7  2.42161E-02  2.56102E-02  2.45227E+04  8.00527E+03  5.00931E+02 -3.28537E+01  5.45270E+03
   19    8  3.13623E-02  2.95589E-02  2.28617E+04  7.38958E+03  1.13078E+02 -2.55463E+01  9.29416E+03
   20    1  1.90395E-03  1.94605E-03  1.23047E+04  1.09992E+04 -7.86931E+01 -1.05590E+01  1.07471E+04
   20    2  5.69707E-03  5.76690E-03  1.25082E+04  1.09448E+04  4.10924E+00 -1.39445E+01  1.04001E+04
   20    3  9.43343E-03  9.72421E-03  1.23002E+04  1.04759E+04 -1.76317E+01 -1.86781E+01  9.94058E+03
   20    4  1.30360E-02  1.26532E-02  1.20799E+04  1.05984E+04 -1.03145E+01 -1.96457E+01  7.91008E+03
   20    5  1.63966E-02  1.58952E-02  1.34837E+04  9.87798E+03 -4.88547E+00 -1.82451E+01  4.66598E+03
   20    6  1.96040E-02  2.10370E-02  1.42832E+04  8.15909E+03  8.83344E+01 -1.50746E+01  2.60329E+03
   20    7  2.38251E-02  2.77828E-02  1.65466E+04  6.44003E+03  2.11832E+02 -1.27772E+01  1.74379E+03
   20    8  2.93733E-02  3.05771E-02  1.54721E+04  5.98324E+03  3.20928E+01 -1.08449E+01  2.58727E+03
   21    1  3.54022E-03  3.49667E-03  6.04212E+03  4.36889E+03 -1.02493E+01 -8.02374E+00  4.09214E+03
   21    2  1.06742E-02  1.02595E-02  6.46972E+03  4.20771E+03  4.25945E+00 -1.12265E+01  3.57420E+03
   21    3  1.79218E-02  1.72845E-02  7.02794E+03  3.80498E+03 -6.30763E+00 -1.40080E+01  2.37623E+03
   21    4  2.52048E-02  2.36448E-02  6.70619E+03  3.46839E+03 -2.59132E+00 -1.47999E+01  1.64889E+03
   21    5  3.22328E-02  3.12743E-02  6.94140E+03  2.96503E+03 -8.98195E-01 -1.34761E+01  1.00097E+03
   21    6  3.84821E-02  3.46606E-02  7.22237E+03  2.79478E+03  1.76760E+01 -1.15087E+01  6.67133E+02
   21    7  4.33689E-02  4.92310E-02  7.74956E+03  1.98122E+03  5.37813E+01 -7.16545E+00  3.69297E+02
   21    8  4.65969E-02  4.68915E-02  7.11735E+03  2.09428E+03 -1.78675E+00  4.01106E-01  8.55454E+02
