      10       6       0
  1.439959459370e+01  1.493633974979e+01  1.526027097187e+01  1.556966019552e+01
  1.588961222553e+01  1.620899363193e+01  1.652216913342e+01  1.684345078936e+01
  1.716784484349e+01  1.761692498263e+01
  1.752396532016e-01  4.063394271006e-01  6.633107651459e-01  9.237909239632e-01
  1.184280065621e+00  1.445964999129e+00
    1    1  4.74329e-05  9.04471e-06  2.27739e+05  1.00783e+05 -1.24567e+03 -8.10456e+01  6.31231e+04
    1    2  1.26584e-04  2.79217e-05  1.62063e+05  9.07574e+04  2.98511e+03 -2.38290e+01  1.26864e+05
    1    3  4.81824e-04  4.88728e-05  1.50628e+05  9.47316e+04  7.09384e+03 -1.45699e+02  1.25578e+05
    1    4  1.14563e-03  7.19246e-05  1.48888e+05  9.50909e+04  7.58244e+03 -9.72687e+01  1.28999e+05
    1    5  3.32287e-03  9.41287e-05  1.34729e+05  8.83917e+04  5.52688e+03  6.33060e+01  1.31116e+05
    1    6  9.87187e-03  1.08671e-04  1.42540e+05  8.58000e+04  1.53811e+03  5.77136e+01  1.25096e+05
    2    1  4.74295e-05  1.03372e-05  9.76658e+04  1.09336e+05  5.03150e+03 -1.27722e+02  8.48077e+04
    2    2  1.26577e-04  3.19839e-05  6.13511e+04  9.14530e+04  4.80670e+03 -1.81605e+02  9.37506e+04
    2    3  4.81772e-04  5.66292e-05  6.21937e+04  8.17487e+04  3.08724e+03 -5.31530e+01  8.15275e+04
    2    4  1.14550e-03  8.58836e-05  7.28047e+04  7.05927e+04  3.24166e+03 -6.59128e+00  7.59588e+04
    2    5  3.32249e-03  1.17919e-04  8.39704e+04  6.41824e+04  4.44794e+03  5.63027e-01  7.92253e+04
    2    6  9.87028e-03  1.41791e-04  8.34642e+04  5.76949e+04  2.67700e+03  8.24415e+00  7.47948e+04
    3    1  5.45265e-05  2.21407e-05  9.25936e+04  9.85785e+04  7.85369e+03 -4.79755e+01  8.71005e+04
    3    2  1.23437e-04  6.66664e-05  7.38385e+04  8.15162e+04  7.51797e+03 -1.32452e+01  6.30824e+04
    3    3  5.39050e-04  1.12251e-04  7.41559e+04  7.35810e+04  8.55619e+03  5.08046e+01  6.56510e+04
    3    4  1.30365e-03  1.61785e-04  8.20512e+04  6.52610e+04  8.49680e+03  6.02411e+01  5.85714e+04
    3    5  2.93802e-03  2.28742e-04  7.74153e+04  5.49787e+04  5.24938e+03  6.86305e+01  6.64752e+04
    3    6  1.12562e-02  3.29339e-04  8.12789e+04  4.40459e+04  3.96870e+03  2.63860e+01  7.53504e+04
    4    1  5.45221e-05  4.24715e-05  8.09286e+04  7.64381e+04  7.52495e+03 -1.21574e+01  6.48823e+04
    4    2  1.23428e-04  1.29052e-04  6.61448e+04  6.55531e+04  5.22982e+03  2.07788e+01  5.05467e+04
    4    3  5.39015e-04  2.19445e-04  6.68925e+04  6.07171e+04  5.63940e+03  2.97633e+01  5.87692e+04
    4    4  1.30345e-03  3.15953e-04  7.63144e+04  5.75104e+04  5.47756e+03  3.89731e+01  5.44060e+04
    4    5  2.93754e-03  4.48602e-04  7.42340e+04  5.09653e+04  3.63328e+03  2.93920e+01  5.15298e+04
    4    6  1.12551e-02  7.67686e-04  7.18366e+04  3.57188e+04  1.15051e+03 -2.97032e+01  6.49513e+04
    5    1  6.31074e-05  7.96545e-05  8.10550e+04  7.28436e+04  2.79708e+03 -1.80327e+00  6.50684e+04
    5    2  1.45441e-04  2.46255e-04  6.48938e+04  6.27120e+04  2.71485e+03  1.89185e+01  4.80199e+04
    5    3  5.53078e-04  4.31903e-04  6.14758e+04  5.46684e+04  2.53039e+03  1.80397e+01  5.23538e+04
    5    4  1.54931e-03  6.43075e-04  6.61989e+04  5.13376e+04  2.97105e+03 -7.95418e+00  5.18156e+04
    5    5  3.27069e-03  9.08792e-04  6.46831e+04  4.65370e+04  3.08143e+03 -1.04114e+01  5.19471e+04
    5    6  1.06880e-02  1.67718e-03  5.66780e+04  3.06546e+04  8.57404e+02 -5.91471e+01  6.21469e+04
    6    1  6.31033e-05  1.55380e-04  6.94153e+04  6.70383e+04  6.56781e+03  3.75595e+01  3.99195e+04
    6    2  1.45430e-04  4.88386e-04  5.98464e+04  5.01122e+04  4.57466e+03 -1.65896e+01  5.04622e+04
    6    3  5.53022e-04  8.87552e-04  5.26221e+04  4.62929e+04  3.70884e+03 -1.31361e+00  5.09308e+04
    6    4  1.54916e-03  1.37460e-03  5.02736e+04  4.21598e+04  2.55204e+03 -2.31381e+01  4.64969e+04
    6    5  3.27007e-03  1.93880e-03  5.00468e+04  3.96206e+04  1.28051e+03 -3.41866e+01  5.03370e+04
    6    6  1.06866e-02  3.09815e-03  4.84680e+04  3.05376e+04  4.16634e+02 -8.14061e+01  5.97917e+04
    7    1  4.98611e-05  2.51048e-04  5.78453e+04  5.01818e+04  1.38591e+03  1.56641e+01  3.92402e+04
    7    2  1.60594e-04  8.02013e-04  4.91815e+04  4.30683e+04  3.03900e+03 -2.05134e+01  3.90321e+04
    7    3  5.99930e-04  1.49981e-03  4.63895e+04  3.87465e+04  4.50843e+03 -3.49627e+01  4.19148e+04
    7    4  1.12938e-03  2.40435e-03  4.59120e+04  3.54491e+04  2.10986e+03 -4.07569e+01  4.54191e+04
    7    5  3.87229e-03  3.54552e-03  4.12341e+04  3.22981e+04  5.85854e+00 -5.69105e+01  4.90633e+04
    7    6  1.18208e-02  5.02932e-03  4.31839e+04  2.80448e+04  1.03800e+02 -1.00218e+02  5.65454e+04
    8    1  4.98571e-05  3.41169e-04  6.51085e+04  2.14143e+04 -1.69736e+03  1.11225e+01  2.15229e+04
    8    2  1.60585e-04  1.12152e-03  3.59158e+04  2.30144e+04 -7.37060e+02 -3.47998e+01  3.31600e+04
    8    3  5.99841e-04  2.22063e-03  3.91128e+04  2.48323e+04  3.42347e+02 -6.72791e+01  3.45414e+04
    8    4  1.12926e-03  3.84289e-03  4.15535e+04  2.48952e+04  1.28500e+03 -6.99190e+01  4.16176e+04
    8    5  3.87175e-03  5.96876e-03  3.80541e+04  2.33670e+04  8.06992e+02 -9.60553e+01  4.26380e+04
    8    6  1.18190e-02  8.34710e-03  3.75607e+04  2.07837e+04  1.08251e+02 -1.24064e+02  4.81028e+04
    9    1  5.78084e-05  3.97889e-04  7.09476e+04  3.99120e+03 -5.93823e+02  1.12819e+01  3.72969e+03
    9    2  1.20179e-04  1.30305e-03  3.15646e+04  1.06368e+04 -1.12623e+03 -1.02616e+02  3.06547e+04
    9    3  6.97620e-04  2.62171e-03  3.82977e+04  1.56743e+04 -5.24537e+02 -8.39866e+01  1.82680e+04
    9    4  1.32615e-03  4.86774e-03  3.83969e+04  1.42860e+04 -1.26335e+02 -9.26114e-01  2.67455e+04
    9    5  2.67604e-03  8.45791e-03  3.41586e+04  1.30964e+04  2.79512e+02 -6.98937e+01  3.09936e+04
    9    6  1.33476e-02  1.20217e-02  3.27312e+04  1.23495e+04  2.09046e+02 -1.02207e+02  3.14135e+04
   10    1  5.78056e-05  2.24430e-03  1.15653e+04  3.33019e+03 -3.55878e+02 -4.01973e+01  8.13617e+03
   10    2  1.20171e-04  6.75666e-03  7.62283e+03  9.53277e+03 -2.43571e+02 -8.20781e+01  1.71194e+04
   10    3  6.97550e-04  1.13219e-02  1.28239e+04  1.01956e+04 -2.36217e+02 -3.40452e+01  5.02922e+03
   10    4  1.32607e-03  1.60576e-02  1.38420e+04  8.58032e+03 -1.32638e+02 -2.46322e+01  4.69194e+03
   10    5  2.67550e-03  2.16424e-02  1.52103e+04  7.51352e+03  1.43389e+01 -2.50654e+01  4.62036e+03
   10    6  1.33459e-02  2.80208e-02  1.48418e+04  6.48381e+03  1.92611e+02 -3.07178e+01  4.52831e+03
