      21       8       0
  1.448085744186e+01  1.464885745674e+01  1.481685749450e+01  1.498485707191e+01
  1.515285683674e+01  1.532085636899e+01  1.548885658897e+01  1.565685683534e+01
  1.582485707253e+01  1.599285737347e+01  1.616085853068e+01  1.632885645380e+01
  1.649685772074e+01  1.666485718940e+01  1.683285748571e+01  1.700085905289e+01
  1.716885679161e+01  1.733685782140e+01  1.750485673056e+01  1.767285674783e+01
  1.784085730103e+01
  9.817477042468e-02  2.945243112740e-01  4.908738521234e-01  6.872233929728e-01
  8.835729338221e-01  1.079922474671e+00  1.276272015521e+00  1.472621556370e+00
    1    1  1.93699e-05  1.94463e-05  9.45177e+04  9.26383e+04 -3.40568e+02 -1.15491e+02  9.73392e+04
    1    2  5.89558e-05  5.94966e-05  9.67359e+04  9.76834e+04  1.53872e+02  8.27472e+00  1.12258e+05
    1    3  1.00900e-04  1.02245e-04  1.03170e+05  1.01005e+05  1.42838e+03  5.16799e+01  1.11676e+05
    1    4  1.46060e-04  1.48813e-04  9.50813e+04  1.00594e+05  2.93815e+03  8.82185e+01  1.14176e+05
    1    5  1.93829e-04  1.98599e-04  9.70660e+04  9.76364e+04  5.91937e+03  1.14348e+02  1.19772e+05
    1    6  2.40973e-04  2.48025e-04  9.47811e+04  9.54503e+04  7.39489e+03  1.38742e+02  1.28570e+05
    1    7  2.80759e-04  2.90489e-04  9.36299e+04  9.45873e+04  8.89161e+03  1.42193e+02  1.41053e+05
    1    8  3.04129e-04  3.15770e-04  9.30781e+04  9.33738e+04  9.49072e+03  1.95350e+02  1.50137e+05
    2    1  1.01800e-05  1.02137e-05  5.48271e+04  4.58406e+04  4.86943e+02 -1.32771e+02  5.24383e+04
    2    2  3.11778e-05  3.13561e-05  6.49552e+04  5.15410e+04 -3.54201e+02 -1.18378e+02  5.36351e+04
    2    3  5.40085e-05  5.45087e-05  6.71441e+04  5.47857e+04 -8.22156e+01 -9.24390e+01  5.88047e+04
    2    4  7.95074e-05  8.04930e-05  7.02244e+04  5.55590e+04  7.43305e+02 -7.29381e+01  5.53155e+04
    2    5  1.07547e-04  1.09132e-04  6.71778e+04  5.50872e+04  7.79148e+02 -6.28968e+01  7.14461e+04
    2    6  1.36129e-04  1.38659e-04  6.33255e+04  5.67446e+04  7.28632e+02 -3.12272e+01  9.61213e+04
    2    7  1.60774e-04  1.64144e-04  6.58673e+04  5.68452e+04  6.90146e+02 -2.05498e+01  9.27202e+04
    2    8  1.75413e-04  1.79568e-04  6.27578e+04  5.80835e+04  6.25182e+02  4.57718e+01  1.06005e+05
    3    1  1.47202e-05  1.47620e-05  6.78673e+04  7.66333e+04 -7.30577e+02 -2.07319e+02  7.21333e+04
    3    2  4.50159e-05  4.52998e-05  6.35944e+04  6.76794e+04  4.27825e+00 -1.68174e+02  5.93539e+04
    3    3  7.78291e-05  7.85502e-05  6.16780e+04  6.25170e+04 -1.07499e+03 -1.42366e+02  6.68442e+04
    3    4  1.14527e-04  1.16087e-04  6.33154e+04  5.91016e+04 -1.75568e+02 -3.30190e+01  8.66436e+04
    3    5  1.55442e-04  1.58075e-04  6.08587e+04  6.00398e+04  1.23370e+02 -4.54892e+00  9.33495e+04
    3    6  1.98333e-04  2.02682e-04  6.03567e+04  5.96999e+04 -3.61925e+01 -1.76675e+01  1.01258e+05
    3    7  2.36626e-04  2.42740e-04  5.81554e+04  5.71598e+04  7.04598e+02 -1.59053e+01  9.30675e+04
    3    8  2.60030e-04  2.67472e-04  5.63858e+04  5.53822e+04  6.47711e+02 -1.11814e+01  1.02687e+05
    4    1  2.14982e-05  2.15683e-05  6.16819e+04  6.81389e+04 -1.38837e+02 -2.13251e+02  7.29211e+04
    4    2  6.55372e-05  6.60361e-05  7.50690e+04  7.36682e+04  2.46038e+02 -1.94894e+02  8.49580e+04
    4    3  1.12910e-04  1.14180e-04  6.67613e+04  6.91046e+04  6.99922e+02 -1.26981e+02  7.37362e+04
    4    4  1.66357e-04  1.69120e-04  6.23388e+04  6.18343e+04  7.09474e+00 -6.64323e+01  7.17631e+04
    4    5  2.28550e-04  2.33897e-04  6.01283e+04  5.68918e+04 -6.87111e+01  1.07535e+01  7.63722e+04
    4    6  2.99420e-04  3.08244e-04  5.50640e+04  5.21383e+04  5.34623e+02 -1.84296e+00  8.13187e+04
    4    7  3.69837e-04  3.83307e-04  5.20188e+04  4.90085e+04  3.04216e+02  3.06922e+01  7.91359e+04
    4    8  4.16983e-04  4.34872e-04  5.08082e+04  4.75967e+04  6.29866e+02  5.86974e+00  9.23021e+04
    5    1  3.29683e-05  3.31481e-05  4.17647e+04  5.36711e+04  1.63117e+01 -1.26412e+02  5.12634e+04
    5    2  9.91314e-05  1.00442e-04  6.81593e+04  5.59289e+04 -4.55110e+02 -6.39114e+01  6.07755e+04
    5    3  1.66206e-04  1.69401e-04  6.40328e+04  5.94823e+04 -1.54227e+02 -2.62646e+01  6.36835e+04
    5    4  2.35824e-04  2.41683e-04  6.27902e+04  5.95169e+04  2.06952e+02  7.27570e+00  5.82513e+04
    5    5  3.12385e-04  3.22296e-04  5.75406e+04  5.63641e+04 -1.77229e+02  5.53465e+01  5.81140e+04
    5    6  4.06939e-04  4.22993e-04  5.49269e+04  5.16936e+04  5.29225e+01  4.07985e+01  6.33719e+04
    5    7  5.31307e-04  5.57730e-04  4.87208e+04  4.57365e+04  1.20337e+02  5.10589e+01  6.69384e+04
    5    8  6.45468e-04  6.84725e-04  4.41057e+04  4.10630e+04  8.67139e+02  4.41088e+01  8.30439e+04
    6    1  4.73984e-05  4.76485e-05  3.92279e+04  5.32972e+04 -2.82438e+01  4.22519e+01  4.42990e+04
    6    2  1.42413e-04  1.44388e-04  5.70273e+04  4.69333e+04  1.25057e+02 -1.56709e+01  4.06303e+04
    6    3  2.38054e-04  2.43169e-04  5.55461e+04  4.64423e+04 -5.70377e+01  3.59008e+00  4.26247e+04
    6    4  3.35063e-04  3.43266e-04  5.35024e+04  4.79913e+04  1.73790e+02  2.09366e+01  5.01517e+04
    6    5  4.36222e-04  4.52184e-04  5.03288e+04  5.01979e+04 -1.66854e+01  4.17820e+01  5.56951e+04
    6    6  5.54229e-04  5.80703e-04  5.26806e+04  4.98531e+04 -2.18200e+02  5.16211e+01  5.88418e+04
    6    7  7.48698e-04  7.91989e-04  4.74634e+04  4.41363e+04  2.44500e+02  3.37661e+01  7.17755e+04
    6    8  1.04400e-03  1.12661e-03  3.88541e+04  3.56234e+04  1.12010e+03  4.65803e+01  8.75139e+04
    7    1  6.54702e-05  6.53559e-05  4.56356e+04  5.39511e+04  5.20722e+01  1.86056e+01  4.71257e+04
    7    2  1.97273e-04  1.95724e-04  5.06235e+04  4.62131e+04  2.30879e+01 -1.58824e+01  3.82046e+04
    7    3  3.31167e-04  3.30966e-04  4.86307e+04  4.56101e+04  1.61848e+02 -8.32294e-01  4.88586e+04
    7    4  4.67575e-04  4.66545e-04  4.80704e+04  4.80027e+04 -8.25494e+01  6.72147e+00  6.11276e+04
    7    5  6.09934e-04  6.20418e-04  4.82614e+04  5.02834e+04 -5.95939e+01  1.69723e+01  6.64460e+04
    7    6  7.81128e-04  8.00386e-04  5.17450e+04  4.99781e+04  6.74514e+01  3.74322e+01  6.53991e+04
    7    7  1.06768e-03  1.11277e-03  4.75355e+04  4.35226e+04  6.14402e+02 -9.82709e+00  7.09853e+04
    7    8  1.65673e-03  1.75260e-03  3.44086e+04  3.14799e+04  1.36862e+03 -3.01407e+01  8.01171e+04
    8    1  9.37806e-05  9.24847e-05  4.90929e+04  4.88851e+04 -4.11428e+02 -3.28320e+01  4.76121e+04
    8    2  2.84512e-04  2.71679e-04  4.93392e+04  4.67860e+04 -8.49439e+01 -8.58049e+00  4.55270e+04
    8    3  4.83895e-04  4.56270e-04  4.80781e+04  4.77577e+04  8.28467e+01 -1.28677e+01  6.18240e+04
    8    4  6.94864e-04  6.50074e-04  4.94022e+04  5.09944e+04 -1.02277e+02  6.91697e+00  6.61671e+04
    8    5  9.17124e-04  8.82242e-04  4.92221e+04  5.06133e+04  1.26806e+02  9.05543e+00  6.47798e+04
    8    6  1.16508e-03  1.14018e-03  5.00003e+04  4.90105e+04  2.65081e+01  1.97746e+01  6.52984e+04
    8    7  1.60779e-03  1.58692e-03  4.39350e+04  4.17487e+04  2.61646e+02 -3.03634e+00  6.47780e+04
    8    8  2.58015e-03  2.55950e-03  3.27443e+04  3.01020e+04  2.34786e+03 -4.75783e+01  8.19880e+04
    9    1  1.27563e-04  1.25473e-04  4.28481e+04  4.16816e+04  2.35232e+02  2.92236e+01  4.48060e+04
    9    2  3.88682e-04  3.71980e-04  5.25537e+04  4.88985e+04 -3.84693e+01  2.97718e+00  5.70271e+04
    9    3  6.66535e-04  6.22217e-04  5.16036e+04  5.20868e+04  1.50504e+02  1.74771e+01  5.65201e+04
    9    4  9.68687e-04  8.93778e-04  5.23397e+04  5.31143e+04 -2.97639e+02  1.30251e+01  6.20399e+04
    9    5  1.30103e-03  1.22414e-03  5.21007e+04  5.12649e+04 -4.53730e+01  7.52019e+00  6.24807e+04
    9    6  1.67663e-03  1.63238e-03  4.91437e+04  4.85599e+04 -2.21792e+02 -6.70314e+00  6.17392e+04
    9    7  2.24189e-03  2.20763e-03  4.44054e+04  4.31262e+04  1.77743e+02 -1.94421e+01  7.41666e+04
    9    8  3.98162e-03  3.85442e-03  3.06303e+04  2.88240e+04  2.04418e+03 -5.81340e+01  8.24745e+04
   10    1  1.81877e-04  1.80844e-04  4.58083e+04  4.87893e+04 -2.13139e+02  5.23692e+01  4.91458e+04
   10    2  5.56746e-04  5.45128e-04  4.90036e+04  4.74130e+04  2.61553e+02 -2.43126e+01  4.87636e+04
   10    3  9.62999e-04  9.40094e-04  4.75195e+04  4.75248e+04 -1.27619e+02  2.65553e+01  4.90888e+04
   10    4  1.41376e-03  1.35691e-03  4.74768e+04  4.74739e+04 -5.57006e+01  4.28994e+00  5.42866e+04
   10    5  1.91043e-03  1.82795e-03  4.81986e+04  4.78179e+04  2.68214e+01 -8.38174e+00  5.71047e+04
   10    6  2.47117e-03  2.48461e-03  4.47854e+04  4.45209e+04  1.14569e+01 -1.97435e+01  5.84160e+04
   10    7  3.27209e-03  3.36724e-03  4.14092e+04  4.04259e+04  2.04083e+02 -2.49829e+01  7.33237e+04
   10    8  5.59467e-03  5.38329e-03  3.04976e+04  2.97633e+04  9.54200e+02 -7.59540e+01  7.73215e+04
   11    1  2.61852e-04  2.60623e-04  4.27345e+04  4.20250e+04 -5.90404e+02  6.65722e+01  4.16826e+04
   11    2  8.06660e-04  7.84870e-04  4.36714e+04  4.20642e+04 -3.18863e+01 -1.22543e+01  4.15144e+04
   11    3  1.41312e-03  1.34937e-03  4.22119e+04  4.24012e+04 -2.36376e+02 -1.04848e+00  4.33049e+04
   11    4  2.11315e-03  2.00792e-03  4.13828e+04  4.20122e+04 -8.77415e+01 -1.28200e+01  5.06948e+04
   11    5  2.91246e-03  2.74437e-03  4.22156e+04  4.27307e+04  1.27967e+02 -2.98888e+01  5.50265e+04
   11    6  3.77258e-03  3.67724e-03  4.12390e+04  4.12858e+04  1.58901e+01 -3.87870e+01  5.81716e+04
   11    7  4.85823e-03  5.10680e-03  3.72227e+04  3.68566e+04  5.75965e+01 -4.62095e+01  6.79128e+04
   11    8  7.45859e-03  7.08644e-03  3.11096e+04  3.06651e+04  2.96565e+02 -8.93928e+01  7.21304e+04
   12    1  3.49536e-04  3.46277e-04  4.31661e+04  4.20820e+04  3.81576e+02  3.15288e+01  4.31597e+04
   12    2  1.07998e-03  1.04304e-03  4.16718e+04  4.12939e+04  2.26539e+02  4.24156e+00  4.28416e+04
   12    3  1.90585e-03  1.84569e-03  3.71810e+04  3.85739e+04 -2.84916e+02  2.29846e+00  4.49289e+04
   12    4  2.89237e-03  2.78581e-03  3.83260e+04  3.87258e+04  1.24159e+01 -1.23073e+01  5.37621e+04
   12    5  4.09295e-03  3.98035e-03  3.71923e+04  3.79275e+04  6.20405e+01 -3.49939e+01  5.38086e+04
   12    6  5.49752e-03  5.30139e-03  3.60043e+04  3.65638e+04 -3.78919e+00 -4.50558e+01  5.50310e+04
   12    7  7.00099e-03  7.22750e-03  3.29371e+04  3.28708e+04 -7.10050e+01 -4.28366e+01  6.23673e+04
   12    8  1.00071e-02  9.55975e-03  2.91927e+04  2.91063e+04  7.54777e+01 -8.18603e+01  6.78616e+04
   13    1  4.43509e-04  4.35721e-04  3.66211e+04  3.76760e+04 -2.22764e+02  2.52055e+01  3.94011e+04
   13    2  1.37818e-03  1.33062e-03  3.72393e+04  3.95031e+04  3.40902e+01 -2.51769e+01  4.34771e+04
   13    3  2.45373e-03  2.40829e-03  3.58839e+04  3.82256e+04  1.82854e+02 -2.38979e+01  4.34927e+04
   13    4  3.75226e-03  3.67053e-03  3.59967e+04  3.66742e+04 -4.44518e+01 -3.09764e+01  4.75704e+04
   13    5  5.32940e-03  5.31878e-03  3.30531e+04  3.42117e+04 -3.44842e+01 -4.20933e+01  4.79642e+04
   13    6  7.22093e-03  7.10533e-03  3.24162e+04  3.29168e+04 -1.47706e+02 -5.25744e+01  5.12249e+04
   13    7  9.42141e-03  9.67941e-03  2.94083e+04  2.95453e+04 -1.48658e+01 -5.44365e+01  5.72348e+04
   13    8  1.21175e-02  1.17548e-02  2.78011e+04  2.78216e+04  7.95238e+01 -9.32949e+01  5.98726e+04
   14    1  5.14360e-04  5.07225e-04  3.35632e+04  3.44770e+04 -1.52990e+02 -5.18815e+00  3.51628e+04
   14    2  1.60969e-03  1.59129e-03  3.24019e+04  3.40007e+04  6.91461e+01 -2.07880e+01  3.67726e+04
   14    3  2.90779e-03  2.91497e-03  3.40121e+04  3.40606e+04  2.68682e+00 -1.37356e+01  3.68340e+04
   14    4  4.54264e-03  4.49116e-03  3.28980e+04  3.30214e+04 -3.62944e+01 -3.20598e+01  4.40959e+04
   14    5  6.60242e-03  6.65737e-03  3.06419e+04  3.12681e+04 -1.01321e+02 -5.08403e+01  4.64765e+04
   14    6  9.05707e-03  8.98116e-03  3.00339e+04  3.03043e+04 -8.35940e+00 -6.93606e+01  4.88946e+04
   14    7  1.20112e-02  1.23302e-02  2.67944e+04  2.69441e+04  2.77130e+01 -8.70460e+01  5.32122e+04
   14    8  1.55704e-02  1.52414e-02  2.47294e+04  2.48183e+04  4.17652e+01 -1.18327e+02  5.86047e+04
   15    1  6.10249e-04  6.19925e-04  2.61327e+04  2.29376e+04 -6.86819e+01  1.61349e+00  2.69786e+04
   15    2  1.93159e-03  2.01449e-03  2.47238e+04  2.51293e+04 -1.04983e+01 -3.09241e+01  3.10994e+04
   15    3  3.56870e-03  3.67736e-03  2.68288e+04  2.61329e+04 -1.08174e+01 -3.61118e+01  3.26699e+04
   15    4  5.75756e-03  5.76417e-03  2.71882e+04  2.68641e+04 -6.55830e+00 -4.89990e+01  3.82124e+04
   15    5  8.69007e-03  8.78751e-03  2.65349e+04  2.63682e+04  4.16343e+01 -6.26136e+01  4.19867e+04
   15    6  1.23063e-02  1.24813e-02  2.56013e+04  2.53937e+04  6.52430e+01 -8.04212e+01  4.57674e+04
   15    7  1.61543e-02  1.66083e-02  2.44778e+04  2.42753e+04  3.19457e+00 -1.01012e+02  4.96686e+04
   15    8  2.05943e-02  2.05926e-02  2.25637e+04  2.23679e+04  8.07495e+01 -1.24709e+02  5.15615e+04
   16    1  6.49608e-04  6.48446e-04  2.00225e+04  2.09822e+04 -4.49630e+02 -5.74268e+01  2.32980e+04
   16    2  2.06691e-03  2.08874e-03  2.27746e+04  2.38064e+04 -9.80618e+01 -7.73485e+01  2.87793e+04
   16    3  3.87142e-03  4.01396e-03  2.42898e+04  2.48475e+04  3.59864e+01 -6.51478e+01  3.14110e+04
   16    4  6.42768e-03  6.90011e-03  2.20755e+04  2.25932e+04  2.92091e+01 -6.37127e+01  3.17313e+04
   16    5  1.02053e-02  1.09398e-02  2.11233e+04  2.07245e+04 -1.42661e+00 -6.55464e+01  3.27280e+04
   16    6  1.55205e-02  1.62176e-02  1.95796e+04  1.94590e+04 -2.01544e+01 -7.41680e+01  3.62182e+04
   16    7  2.16966e-02  2.25347e-02  1.83243e+04  1.81363e+04  1.64664e+01 -9.70226e+01  3.79393e+04
   16    8  2.67357e-02  2.48078e-02  1.93789e+04  1.91719e+04 -2.11796e+01 -1.13576e+02  3.81282e+04
   17    1  6.90428e-04  6.93711e-04  2.54182e+04  2.57725e+04  1.09663e+02 -5.02332e+01  2.64180e+04
   17    2  2.17850e-03  2.22279e-03  2.42018e+04  2.44972e+04  1.80610e+02 -6.52549e+01  2.65494e+04
   17    3  4.03988e-03  4.18859e-03  2.21991e+04  2.22663e+04 -2.24460e+02 -1.87459e+01  2.78414e+04
   17    4  6.68858e-03  7.07379e-03  2.04542e+04  2.01373e+04 -8.74333e+01 -6.01300e+01  2.64082e+04
   17    5  1.07133e-02  1.08225e-02  1.86061e+04  1.85570e+04  4.07620e+01 -6.49743e+01  2.37779e+04
   17    6  1.66243e-02  1.64228e-02  1.63644e+04  1.62154e+04 -1.00271e+02 -9.03747e+01  3.07643e+04
   17    7  2.39135e-02  2.38366e-02  1.50598e+04  1.49981e+04  8.26678e+01 -1.26136e+02  3.65046e+04
   17    8  2.96284e-02  2.68312e-02  1.53800e+04  1.53556e+04 -3.74692e+01 -1.37774e+02  3.58758e+04
   18    1  9.45996e-04  9.48535e-04  2.58239e+04  2.51456e+04  1.20938e+02 -3.50571e+01  2.41962e+04
   18    2  2.86861e-03  2.88177e-03  2.25594e+04  2.27846e+04 -2.04001e+02 -8.12981e+01  2.13975e+04
   18    3  4.92744e-03  5.02254e-03  2.08595e+04  2.10621e+04  1.27341e+02 -3.62913e+01  2.01519e+04
   18    4  7.40498e-03  7.55338e-03  1.95904e+04  1.94807e+04  1.17002e+02 -7.59590e+01  2.07046e+04
   18    5  1.09764e-02  1.11912e-02  1.72565e+04  1.72553e+04 -1.29167e+02 -8.90109e+01  2.06972e+04
   18    6  1.66939e-02  1.63901e-02  1.50602e+04  1.49223e+04 -8.20430e+01 -1.00522e+02  2.60988e+04
   18    7  2.46496e-02  2.44782e-02  1.25691e+04  1.26190e+04  4.45138e+01 -1.32339e+02  3.10284e+04
   18    8  3.13627e-02  3.02805e-02  1.20432e+04  1.19737e+04 -8.88895e+00 -1.45657e+02  3.30832e+04
   19    1  1.42148e-03  1.41825e-03  1.73004e+04  1.87001e+04 -1.72284e+02  2.22661e+01  1.73496e+04
   19    2  4.26242e-03  4.33896e-03  1.71096e+04  1.70136e+04 -5.25771e+01 -1.64065e+01  1.48745e+04
   19    3  7.09606e-03  7.15931e-03  1.60487e+04  1.58467e+04  8.41957e+01 -1.59240e+01  1.36433e+04
   19    4  9.94495e-03  9.96298e-03  1.51757e+04  1.51570e+04 -3.00409e+01 -5.64644e+01  1.54468e+04
   19    5  1.30436e-02  1.30183e-02  1.47861e+04  1.47397e+04 -3.40985e+01 -7.46581e+01  1.49289e+04
   19    6  1.73332e-02  1.71580e-02  1.34660e+04  1.35067e+04  2.65560e+01 -9.34239e+01  1.93621e+04
   19    7  2.42161e-02  2.35975e-02  1.18742e+04  1.18288e+04 -4.15016e+00 -1.17182e+02  2.44698e+04
   19    8  3.13623e-02  3.10605e-02  1.00872e+04  1.01070e+04  6.00118e+01 -1.16311e+02  2.73447e+04
   20    1  1.90395e-03  1.90898e-03  1.20951e+04  1.18887e+04 -6.36232e+01  3.67084e+01  1.19630e+04
   20    2  5.69707e-03  5.74079e-03  1.19209e+04  1.20149e+04 -3.77740e+01  3.75206e+01  1.13815e+04
   20    3  9.43343e-03  9.50057e-03  1.13018e+04  1.11600e+04 -1.03292e+01  2.71464e+01  8.21225e+03
   20    4  1.30360e-02  1.30894e-02  1.05481e+04  1.05828e+04  3.85231e+00  2.18709e+01  1.09427e+04
   20    5  1.63966e-02  1.64488e-02  1.06978e+04  1.06775e+04  3.62681e+01 -2.49898e+01  1.20671e+04
   20    6  1.96040e-02  1.96290e-02  1.07700e+04  1.07943e+04  4.47765e+01 -4.01203e+01  1.16985e+04
   20    7  2.38251e-02  2.35426e-02  1.00439e+04  1.00270e+04  1.66175e+01 -5.22744e+01  1.23976e+04
   20    8  2.93733e-02  2.94700e-02  8.55608e+03  8.54740e+03 -2.67461e+01 -3.71131e+01  1.69486e+04
   21    1  3.54022e-03  3.54907e-03  4.56912e+03  4.60280e+03  5.07773e+01 -2.08750e+01  4.66469e+03
   21    2  1.06742e-02  1.06730e-02  4.76554e+03  4.71611e+03  4.00708e+00 -3.10282e+01  4.85414e+03
   21    3  1.79218e-02  1.78998e-02  4.90462e+03  4.92012e+03 -1.41740e+01 -2.08856e+01  5.35991e+03
   21    4  2.52048e-02  2.52394e-02  4.88278e+03  4.89323e+03  3.54928e+00 -3.15817e+01  4.62099e+03
   21    5  3.22328e-02  3.23686e-02  4.79011e+03  4.78325e+03  6.62992e+00 -3.90851e+01  5.32943e+03
   21    6  3.84821e-02  3.86810e-02  4.75162e+03  4.75904e+03 -3.42517e+00 -3.41445e+01  6.72823e+03
   21    7  4.33689e-02  4.28686e-02  4.89672e+03  4.88393e+03  4.03386e+00 -2.64752e+01  6.92028e+03
   21    8  4.65969e-02  4.66080e-02  4.78481e+03  4.78632e+03 -5.20038e+00 -1.02045e+01  6.89044e+03
