      21       8
  1.448085744186e+01  1.464885745674e+01  1.481685749450e+01  1.498485707191e+01
  1.515285683674e+01  1.532085636899e+01  1.548885658897e+01  1.565685683534e+01
  1.582485707253e+01  1.599285737347e+01  1.616085853068e+01  1.632885645380e+01
  1.649685772074e+01  1.666485718940e+01  1.683285748571e+01  1.700085905289e+01
  1.716885679161e+01  1.733685782140e+01  1.750485673056e+01  1.767285674783e+01
  1.784085730103e+01
  9.817477042468e-02  2.945243112740e-01  4.908738521234e-01  6.872233929728e-01
  8.835729338221e-01  1.079922474671e+00  1.276272015521e+00  1.472621556370e+00
    1    1  3.26149e-04  3.39378e-04
    1    2  3.20328e-04  3.33715e-04
    1    3  3.10348e-04  3.22776e-04
    1    4  2.98612e-04  3.09679e-04
    1    5  2.87291e-04  2.97083e-04
    1    6  2.77888e-04  2.86938e-04
    1    7  2.71275e-04  2.79755e-04
    1    8  2.67884e-04  2.69480e-04
    2    1  1.75523e-04  1.78378e-04
    2    2  1.71709e-04  1.74678e-04
    2    3  1.65192e-04  1.68395e-04
    2    4  1.57579e-04  1.60305e-04
    2    5  1.50311e-04  1.52899e-04
    2    6  1.44352e-04  1.47072e-04
    2    7  1.40210e-04  1.42865e-04
    2    8  1.38105e-04  1.37009e-04
    3    1  2.63013e-04  2.73611e-04
    3    2  2.56829e-04  2.66517e-04
    3    3  2.46368e-04  2.55039e-04
    3    4  2.34305e-04  2.42481e-04
    3    5  2.22929e-04  2.30137e-04
    3    6  2.13694e-04  2.19267e-04
    3    7  2.07322e-04  2.13709e-04
    3    8  2.04097e-04  2.06041e-04
    4    1  4.00215e-04  4.18438e-04
    4    2  3.87886e-04  4.06275e-04
    4    3  3.67677e-04  3.84662e-04
    4    4  3.45526e-04  3.59107e-04
    4    5  3.25923e-04  3.38903e-04
    4    6  3.11019e-04  3.23427e-04
    4    7  3.01298e-04  3.12973e-04
    4    8  2.96557e-04  3.02280e-04
    5    1  6.01086e-04  6.34367e-04
    5    2  5.73673e-04  6.02867e-04
    5    3  5.33824e-04  5.56269e-04
    5    4  4.96732e-04  5.17095e-04
    5    5  4.68823e-04  4.84779e-04
    5    6  4.50072e-04  4.63148e-04
    5    7  4.38694e-04  4.49859e-04
    5    8  4.33317e-04  4.36260e-04
    6    1  9.18817e-04  9.66696e-04
    6    2  8.51047e-04  8.90024e-04
    6    3  7.71844e-04  7.99913e-04
    6    4  7.13482e-04  7.33658e-04
    6    5  6.74560e-04  6.88964e-04
    6    6  6.48224e-04  6.55818e-04
    6    7  6.31338e-04  6.36274e-04
    6    8  6.23001e-04  6.16713e-04
    7    1  1.38989e-03  1.42726e-03
    7    2  1.25912e-03  1.28462e-03
    7    3  1.13346e-03  1.14451e-03
    7    4  1.04233e-03  1.02967e-03
    7    5  9.74404e-04  9.44552e-04
    7    6  9.25918e-04  8.87629e-04
    7    7  8.95029e-04  8.63676e-04
    7    8  8.80058e-04  8.36344e-04
    8    1  2.06593e-03  2.08412e-03
    8    2  1.86462e-03  1.85173e-03
    8    3  1.64885e-03  1.59953e-03
    8    4  1.48153e-03  1.41061e-03
    8    5  1.36784e-03  1.29699e-03
    8    6  1.29401e-03  1.22668e-03
    8    7  1.24879e-03  1.19028e-03
    8    8  1.22704e-03  1.16541e-03
    9    1  3.02300e-03  3.05560e-03
    9    2  2.64468e-03  2.58007e-03
    9    3  2.28244e-03  2.20950e-03
    9    4  2.05490e-03  1.98225e-03
    9    5  1.90680e-03  1.83995e-03
    9    6  1.80361e-03  1.74421e-03
    9    7  1.73651e-03  1.69361e-03
    9    8  1.70334e-03  1.65726e-03
   10    1  4.18153e-03  4.19170e-03
   10    2  3.62820e-03  3.57280e-03
   10    3  3.18988e-03  3.12119e-03
   10    4  2.88927e-03  2.82177e-03
   10    5  2.66868e-03  2.62263e-03
   10    6  2.51328e-03  2.46158e-03
   10    7  2.41397e-03  2.37188e-03
   10    8  2.36540e-03  2.31939e-03
   11    1  5.61188e-03  5.57658e-03
   11    2  4.99440e-03  4.90071e-03
   11    3  4.41697e-03  4.34374e-03
   11    4  3.99658e-03  3.91040e-03
   11    5  3.69072e-03  3.60235e-03
   11    6  3.46657e-03  3.37046e-03
   11    7  3.31726e-03  3.24026e-03
   11    8  3.24258e-03  3.16146e-03
   12    1  7.30686e-03  7.24233e-03
   12    2  6.53565e-03  6.45230e-03
   12    3  5.84680e-03  5.77840e-03
   12    4  5.30736e-03  5.23932e-03
   12    5  4.86224e-03  4.77965e-03
   12    6  4.52431e-03  4.44235e-03
   12    7  4.30117e-03  4.23215e-03
   12    8  4.19100e-03  4.12909e-03
   13    1  9.10842e-03  9.06457e-03
   13    2  8.36377e-03  8.32346e-03
   13    3  7.53173e-03  7.46557e-03
   13    4  6.75179e-03  6.71334e-03
   13    5  6.11340e-03  6.04888e-03
   13    6  5.64193e-03  5.58962e-03
   13    7  5.33398e-03  5.26123e-03
   13    8  5.18228e-03  5.11747e-03
   14    1  1.15881e-02  1.15600e-02
   14    2  1.05967e-02  1.05648e-02
   14    3  9.38287e-03  9.35333e-03
   14    4  8.33107e-03  8.30795e-03
   14    5  7.48910e-03  7.43571e-03
   14    6  6.85862e-03  6.82290e-03
   14    7  6.44193e-03  6.39617e-03
   14    8  6.23569e-03  6.19827e-03
   15    1  1.47473e-02  1.45170e-02
   15    2  1.34125e-02  1.33361e-02
   15    3  1.18280e-02  1.17866e-02
   15    4  1.03249e-02  1.03078e-02
   15    5  9.04692e-03  9.08241e-03
   15    6  8.09133e-03  8.20357e-03
   15    7  7.47372e-03  7.63461e-03
   15    8  7.17387e-03  7.35255e-03
   16    1  1.73600e-02  1.63057e-02
   16    2  1.57748e-02  1.56601e-02
   16    3  1.35649e-02  1.36111e-02
   16    4  1.14365e-02  1.17056e-02
   16    5  9.75907e-03  1.01613e-02
   16    6  8.59265e-03  8.92419e-03
   16    7  7.87477e-03  8.11221e-03
   16    8  7.53544e-03  7.73253e-03
   17    1  1.84183e-02  1.70581e-02
   17    2  1.66516e-02  1.61879e-02
   17    3  1.41256e-02  1.38141e-02
   17    4  1.17839e-02  1.17385e-02
   17    5  1.00198e-02  1.01521e-02
   17    6  8.84974e-03  8.93199e-03
   17    7  8.16193e-03  8.23244e-03
   17    8  7.84769e-03  7.91211e-03
   18    1  1.86366e-02  1.82025e-02
   18    2  1.66732e-02  1.66788e-02
   18    3  1.40561e-02  1.40966e-02
   18    4  1.19088e-02  1.20182e-02
   18    5  1.05179e-02  1.06204e-02
   18    6  9.71714e-03  9.77449e-03
   18    7  9.29202e-03  9.33366e-03
   18    8  9.10828e-03  9.11579e-03
   19    1  1.79783e-02  1.76462e-02
   19    2  1.60872e-02  1.59801e-02
   19    3  1.39703e-02  1.39423e-02
   19    4  1.25932e-02  1.25773e-02
   19    5  1.18576e-02  1.18570e-02
   19    6  1.14610e-02  1.14649e-02
   19    7  1.12399e-02  1.13320e-02
   19    8  1.11368e-02  1.11863e-02
   20    1  1.61397e-02  1.59439e-02
   20    2  1.49653e-02  1.49535e-02
   20    3  1.40011e-02  1.39824e-02
   20    4  1.34975e-02  1.34368e-02
   20    5  1.31748e-02  1.31463e-02
   20    6  1.29249e-02  1.28628e-02
   20    7  1.27454e-02  1.27239e-02
   20    8  1.26511e-02  1.26688e-02
   21    1  1.91307e-02  1.90794e-02
   21    2  1.87087e-02  1.87941e-02
   21    3  1.81297e-02  1.80352e-02
   21    4  1.74547e-02  1.74371e-02
   21    5  1.67637e-02  1.68664e-02
   21    6  1.61559e-02  1.61093e-02
   21    7  1.57092e-02  1.57902e-02
   21    8  1.54739e-02  1.54476e-02
